#
# There is insufficient memory for the Java Runtime Environment to continue.
# Native memory allocation (mmap) failed to map 65536 bytes for Failed to commit metaspace.
# Possible reasons:
#   The system is out of physical RAM or swap space
#   The process is running with CompressedOops enabled, and the Java Heap may be blocking the growth of the native heap
# Possible solutions:
#   Reduce memory load on the system
#   Increase physical memory or swap space
#   Check if swap backing store is full
#   Decrease Java heap size (-Xmx/-Xms)
#   Decrease number of Java threads
#   Decrease Java thread stack sizes (-Xss)
#   Set larger code cache with -XX:ReservedCodeCacheSize=
#   JVM is running with Unscaled Compressed Oops mode in which the Java heap is
#     placed in the first 4GB address space. The Java Heap base address is the
#     maximum limit for the native heap growth. Please use -XX:HeapBaseMinAddress
#     to set the Java Heap base and to place the Java Heap above 4GB virtual address.
# This output file may be truncated or incomplete.
#
#  Out of Memory Error (virtualSpaceNode.cpp:110), pid=25040, tid=11244
#
# JRE version: Java(TM) SE Runtime Environment (18.0+36) (build 18+36-2087)
# Java VM: Java HotSpot(TM) 64-Bit Server VM (18+36-2087, mixed mode, sharing, tiered, compressed oops, compressed class ptrs, g1 gc, windows-amd64)
# No core dump will be written. Minidumps are not enabled by default on client versions of Windows
#

---------------  S U M M A R Y ------------

Command Line: -ea -Dfile.encoding=UTF-8 -XX:+ShowCodeDetailsInExceptionMessages org.testng.remote.RemoteTestNG -serport 64785 -protocol json -d C:\Users\SHABNA\eclipse-workspace\7rmartSupermarket\test-output C:\Users\SHABNA\AppData\Local\Temp\testng-eclipse--805025440\testng-customsuite.xml

Host: AMD Ryzen 3 3250U with Radeon Graphics         , 4 cores, 3G,  Windows 10 , 64 bit Build 19041 (10.0.19041.1566)
Time: Wed Apr  6 22:31:50 2022 India Standard Time elapsed time: 23.821382 seconds (0d 0h 0m 23s)

---------------  T H R E A D  ---------------

Current thread (0x0000022420ed2c00):  JavaThread "main" [_thread_in_vm, id=11244, stack(0x00000056c2100000,0x00000056c2200000)]

Stack: [0x00000056c2100000,0x00000056c2200000]
Native frames: (J=compiled Java code, j=interpreted, Vv=VM code, C=native code)
V  [jvm.dll+0x69804a]
V  [jvm.dll+0x7f308d]
V  [jvm.dll+0x7f499e]
V  [jvm.dll+0x7f5053]
V  [jvm.dll+0x25ca3f]
V  [jvm.dll+0x7eed9b]
V  [jvm.dll+0x63e276]
V  [jvm.dll+0x63e2da]
V  [jvm.dll+0x640b5e]
V  [jvm.dll+0x640a1e]
V  [jvm.dll+0x63ec3e]
V  [jvm.dll+0x25108f]
V  [jvm.dll+0x649275]
V  [jvm.dll+0x202381]
V  [jvm.dll+0x2028b5]
V  [jvm.dll+0x2032ef]
V  [jvm.dll+0x1f8781]
V  [jvm.dll+0x55cea5]
V  [jvm.dll+0x209637]
V  [jvm.dll+0x76c73d]
V  [jvm.dll+0x76da76]
V  [jvm.dll+0x433e9a]
C  [java.dll+0x1a55]

Java frames: (J=compiled Java code, j=interpreted, Vv=VM code)
J 908  java.lang.ClassLoader.findBootstrapClass(Ljava/lang/String;)Ljava/lang/Class; java.base@18 (0 bytes) @ 0x00000224303011fa [0x00000224303011a0+0x000000000000005a]
J 583 c1 java.lang.System$2.findBootstrapClassOrNull(Ljava/lang/String;)Ljava/lang/Class; java.base@18 (5 bytes) @ 0x0000022428e86b5c [0x0000022428e86a40+0x000000000000011c]
j  jdk.internal.loader.BootLoader.loadClassOrNull(Ljava/lang/String;)Ljava/lang/Class;+4 java.base@18
j  jdk.internal.loader.BootLoader.loadClass(Ljava/lang/Module;Ljava/lang/String;)Ljava/lang/Class;+1 java.base@18
j  java.lang.Class.forName(Ljava/lang/Module;Ljava/lang/String;Ljava/lang/Class;)Ljava/lang/Class;+83 java.base@18
j  java.lang.Class.forName(Ljava/lang/Module;Ljava/lang/String;)Ljava/lang/Class;+17 java.base@18
j  sun.util.resources.Bundles.findBundleOf(Lsun/util/resources/Bundles$CacheKey;Lsun/util/resources/Bundles$Strategy;Ljava/lang/String;Ljava/util/List;I)Ljava/util/ResourceBundle;+205 java.base@18
j  sun.util.resources.Bundles.findBundleOf(Lsun/util/resources/Bundles$CacheKey;Lsun/util/resources/Bundles$Strategy;Ljava/lang/String;Ljava/util/List;I)Ljava/util/ResourceBundle;+37 java.base@18
j  sun.util.resources.Bundles.loadBundleOf(Ljava/lang/String;Ljava/util/Locale;Lsun/util/resources/Bundles$Strategy;)Ljava/util/ResourceBundle;+112 java.base@18
j  sun.util.resources.Bundles.of(Ljava/lang/String;Ljava/util/Locale;Lsun/util/resources/Bundles$Strategy;)Ljava/util/ResourceBundle;+3 java.base@18
j  sun.util.resources.LocaleData$1.run()Ljava/util/ResourceBundle;+11 java.base@18
j  sun.util.resources.LocaleData$1.run()Ljava/lang/Object;+1 java.base@18
J 1464 c1 java.security.AccessController.doPrivileged(Ljava/security/PrivilegedAction;)Ljava/lang/Object; java.base@18 (9 bytes) @ 0x000002242904c9c4 [0x000002242904c860+0x0000000000000164]
j  sun.util.resources.LocaleData.getBundle(Ljava/lang/String;Ljava/util/Locale;)Ljava/util/ResourceBundle;+9 java.base@18
j  sun.util.resources.LocaleData.getTimeZoneNames(Ljava/util/Locale;)Lsun/util/resources/TimeZoneNamesBundle;+26 java.base@18
j  sun.util.locale.provider.LocaleResources.getTimeZoneNames(Ljava/lang/String;)Ljava/lang/Object;+70 java.base@18
j  sun.util.locale.provider.TimeZoneNameProviderImpl.getDisplayNameArray(Ljava/lang/String;Ljava/util/Locale;)[Ljava/lang/String;+22 java.base@18
j  sun.util.cldr.CLDRTimeZoneNameProviderImpl.getDisplayNameArray(Ljava/lang/String;Ljava/util/Locale;)[Ljava/lang/String;+3 java.base@18
j  sun.util.locale.provider.TimeZoneNameProviderImpl.getDisplayName(Ljava/lang/String;ZILjava/util/Locale;)Ljava/lang/String;+4 java.base@18
j  sun.util.locale.provider.TimeZoneNameUtility$TimeZoneNameGetter.getName(Ljava/util/spi/TimeZoneNameProvider;Ljava/util/Locale;Ljava/lang/String;ILjava/lang/String;)Ljava/lang/String;+126 java.base@18
j  sun.util.locale.provider.TimeZoneNameUtility$TimeZoneNameGetter.getObject(Ljava/util/spi/TimeZoneNameProvider;Ljava/util/Locale;Ljava/lang/String;[Ljava/lang/Object;)Ljava/lang/String;+49 java.base@18
j  sun.util.locale.provider.TimeZoneNameUtility$TimeZoneNameGetter.getObject(Ljava/util/spi/LocaleServiceProvider;Ljava/util/Locale;Ljava/lang/String;[Ljava/lang/Object;)Ljava/lang/Object;+9 java.base@18
j  sun.util.locale.provider.LocaleServiceProviderPool.getLocalizedObjectImpl(Lsun/util/locale/provider/LocaleServiceProviderPool$LocalizedObjectGetter;Ljava/util/Locale;ZLjava/lang/String;[Ljava/lang/Object;)Ljava/lang/Object;+93 java.base@18
j  sun.util.locale.provider.LocaleServiceProviderPool.getLocalizedObject(Lsun/util/locale/provider/LocaleServiceProviderPool$LocalizedObjectGetter;Ljava/util/Locale;Ljava/lang/String;[Ljava/lang/Object;)Ljava/lang/Object;+7 java.base@18
j  sun.util.locale.provider.TimeZoneNameUtility.retrieveDisplayNamesImpl(Ljava/lang/String;Ljava/util/Locale;)[Ljava/lang/String;+140 java.base@18
j  sun.util.locale.provider.TimeZoneNameUtility.retrieveDisplayName(Ljava/lang/String;ZILjava/util/Locale;)Ljava/lang/String;+2 java.base@18
j  java.util.TimeZone.getDisplayName(ZILjava/util/Locale;)Ljava/lang/String;+47 java.base@18
j  java.util.Date.toString()Ljava/lang/String;+150 java.base@18
j  org.testng.reporters.TestHTMLReporter.generateLog(Lorg/testng/ITestContext;Ljava/lang/String;Ljava/lang/String;Ljava/util/Collection;Ljava/util/Collection;Ljava/util/Collection;Ljava/util/Collection;Ljava/util/Collection;Ljava/util/Collection;)V+281
j  org.testng.reporters.TestHTMLReporter.onFinish(Lorg/testng/ITestContext;)V+80
j  org.testng.TestRunner.fireEvent(Z)V+45
j  org.testng.TestRunner.afterRun()V+30
j  org.testng.TestRunner.run()V+29
j  org.testng.SuiteRunner.runTest(Lorg/testng/TestRunner;)V+21
j  org.testng.SuiteRunner.runSequentially()V+31
j  org.testng.SuiteRunner.privateRun()V+332
j  org.testng.SuiteRunner.run()V+6
j  org.testng.SuiteRunnerWorker.runSuite(Lorg/testng/internal/SuiteRunnerMap;Lorg/testng/xml/XmlSuite;)V+87
j  org.testng.SuiteRunnerWorker.run()V+12
j  org.testng.TestNG.runSuitesSequentially(Lorg/testng/xml/XmlSuite;Lorg/testng/internal/SuiteRunnerMap;ILjava/lang/String;)V+66
j  org.testng.TestNG.runSuitesLocally()Ljava/util/List;+156
j  org.testng.TestNG.runSuites()Ljava/util/List;+1
j  org.testng.TestNG.run()V+25
j  org.testng.remote.AbstractRemoteTestNG.run()V+149
j  org.testng.remote.RemoteTestNG.initAndRun(Lorg/testng/remote/IRemoteTestNG;[Ljava/lang/String;Lorg/testng/CommandLineArgs;Lorg/testng/remote/RemoteArgs;)V+184
j  org.testng.remote.RemoteTestNG.main([Ljava/lang/String;)V+201
v  ~StubRoutines::call_stub

---------------  P R O C E S S  ---------------

Threads class SMR info:
_java_thread_list=0x0000022440ac9770, length=29, elements={
0x0000022420ed2c00, 0x0000022420f6c580, 0x0000022420f6dd90, 0x0000022420f84090,
0x0000022420f85d60, 0x0000022420f873c0, 0x0000022420f8bb90, 0x000002243bc0ef00,
0x000002243bc0f7f0, 0x000002243bc7cbf0, 0x00000224400781d0, 0x00000224400812e0,
0x000002244096f010, 0x0000022440185580, 0x0000022440ad9e30, 0x0000022441493470,
0x00000224409399b0, 0x000002244101d190, 0x000002244101d650, 0x000002244080de90,
0x000002244080e360, 0x000002244080d4f0, 0x000002244080e830, 0x000002244080d020,
0x0000022440bd4a90, 0x0000022440bd3c20, 0x0000022440bd0730, 0x0000022440bd5430,
0x0000022440bd15a0
}

Java Threads: ( => current thread )
=>0x0000022420ed2c00 JavaThread "main" [_thread_in_vm, id=11244, stack(0x00000056c2100000,0x00000056c2200000)]
  0x0000022420f6c580 JavaThread "Reference Handler" daemon [_thread_blocked, id=27968, stack(0x00000056c2800000,0x00000056c2900000)]
  0x0000022420f6dd90 JavaThread "Finalizer" daemon [_thread_blocked, id=23048, stack(0x00000056c2900000,0x00000056c2a00000)]
  0x0000022420f84090 JavaThread "Signal Dispatcher" daemon [_thread_blocked, id=20112, stack(0x00000056c2a00000,0x00000056c2b00000)]
  0x0000022420f85d60 JavaThread "Attach Listener" daemon [_thread_blocked, id=23748, stack(0x00000056c2b00000,0x00000056c2c00000)]
  0x0000022420f873c0 JavaThread "Service Thread" daemon [_thread_blocked, id=5556, stack(0x00000056c2c00000,0x00000056c2d00000)]
  0x0000022420f8bb90 JavaThread "Monitor Deflation Thread" daemon [_thread_blocked, id=5532, stack(0x00000056c2d00000,0x00000056c2e00000)]
  0x000002243bc0ef00 JavaThread "C2 CompilerThread0" daemon [_thread_blocked, id=21904, stack(0x00000056c2e00000,0x00000056c2f00000)]
  0x000002243bc0f7f0 JavaThread "C1 CompilerThread0" daemon [_thread_in_vm, id=22216, stack(0x00000056c2f00000,0x00000056c3000000)]
  0x000002243bc7cbf0 JavaThread "Sweeper thread" daemon [_thread_blocked, id=16652, stack(0x00000056c3000000,0x00000056c3100000)]
  0x00000224400781d0 JavaThread "Notification Thread" daemon [_thread_blocked, id=25264, stack(0x00000056c3100000,0x00000056c3200000)]
  0x00000224400812e0 JavaThread "Common-Cleaner" daemon [_thread_blocked, id=6584, stack(0x00000056c3300000,0x00000056c3400000)]
  0x000002244096f010 JavaThread "ReaderThread" [_thread_in_native, id=14284, stack(0x00000056c3400000,0x00000056c3500000)]
  0x0000022440185580 JavaThread "ForkJoinPool.commonPool-worker-1" daemon [_thread_blocked, id=23972, stack(0x00000056c3800000,0x00000056c3900000)]
  0x0000022440ad9e30 JavaThread "AsyncHttpClient-1-1" daemon [_thread_blocked, id=28456, stack(0x00000056c3900000,0x00000056c3a00000)]
  0x0000022441493470 JavaThread "Exec Default Executor" daemon [_thread_in_native, id=24524, stack(0x00000056c3a00000,0x00000056c3b00000)]
  0x00000224409399b0 JavaThread "Driver Service Executor" daemon [_thread_blocked, id=25904, stack(0x00000056c3b00000,0x00000056c3c00000)]
  0x000002244101d190 JavaThread "Driver Service Executor" daemon [_thread_blocked, id=3184, stack(0x00000056c3c00000,0x00000056c3d00000)]
  0x000002244101d650 JavaThread "UrlChecker-2" daemon [_thread_blocked, id=16272, stack(0x00000056c3d00000,0x00000056c3e00000)]
  0x000002244080de90 JavaThread "Exec Stream Pumper" daemon [_thread_in_native, id=9324, stack(0x00000056c3e00000,0x00000056c3f00000)]
  0x000002244080e360 JavaThread "Exec Stream Pumper" daemon [_thread_in_native, id=23244, stack(0x00000056c3f00000,0x00000056c4000000)]
  0x000002244080d4f0 JavaThread "AsyncHttpClient-1-2" daemon [_thread_in_native, id=23784, stack(0x00000056c4100000,0x00000056c4200000)]
  0x000002244080e830 JavaThread "AsyncHttpClient-1-3" daemon [_thread_in_native, id=11520, stack(0x00000056c4200000,0x00000056c4300000)]
  0x000002244080d020 JavaThread "AsyncHttpClient-1-4" daemon [_thread_in_native, id=21392, stack(0x00000056c4000000,0x00000056c4100000)]
  0x0000022440bd4a90 JavaThread "AsyncHttpClient-1-5" daemon [_thread_in_native, id=1552, stack(0x00000056c4300000,0x00000056c4400000)]
  0x0000022440bd3c20 JavaThread "AsyncHttpClient-1-6" daemon [_thread_in_native, id=21252, stack(0x00000056c4400000,0x00000056c4500000)]
  0x0000022440bd0730 JavaThread "AsyncHttpClient-1-7" daemon [_thread_in_native, id=25616, stack(0x00000056c4500000,0x00000056c4600000)]
  0x0000022440bd5430 JavaThread "AsyncHttpClient-1-8" daemon [_thread_in_native, id=19656, stack(0x00000056c4600000,0x00000056c4700000)]
  0x0000022440bd15a0 JavaThread "AsyncHttpClient-1-9" daemon [_thread_in_native, id=20704, stack(0x00000056c4700000,0x00000056c4800000)]

Other Threads:
  0x0000022420f1fa50 VMThread "VM Thread" [stack: 0x00000056c2700000,0x00000056c2800000] [id=372]
  0x000002244007ccd0 WatcherThread "VM Periodic Task Thread" [stack: 0x00000056c3200000,0x00000056c3300000] [id=15680]
  0x0000022420f0eea0 WorkerThread "GC Thread#0" [stack: 0x00000056c2200000,0x00000056c2300000] [id=9612]
  0x0000022440120b50 WorkerThread "GC Thread#1" [stack: 0x00000056c3500000,0x00000056c3600000] [id=27264]
  0x0000022440601e80 WorkerThread "GC Thread#2" [stack: 0x00000056c3600000,0x00000056c3700000] [id=3360]
  0x0000022440602120 WorkerThread "GC Thread#3" [stack: 0x00000056c3700000,0x00000056c3800000] [id=20628]
  0x0000022420f16a10 ConcurrentGCThread "G1 Main Marker" [stack: 0x00000056c2300000,0x00000056c2400000] [id=28220]
  0x0000022420f18c80 WorkerThread "G1 Conc#0" [stack: 0x00000056c2400000,0x00000056c2500000] [id=5096]
  0x0000022420f47af0 ConcurrentGCThread "G1 Refine#0" [stack: 0x00000056c2500000,0x00000056c2600000] [id=26644]
  0x0000022420f48400 ConcurrentGCThread "G1 Service" [stack: 0x00000056c2600000,0x00000056c2700000] [id=20644]

Threads with active compile tasks:
C1 CompilerThread0    23903 2156       3       java.nio.ByteBuffer::array (35 bytes)

VM state: not at safepoint (normal execution)

VM Mutex/Monitor currently owned by a thread:  ([mutex/lock_event])
[0x0000022420ecc190] Metaspace_lock - owner thread: 0x0000022420ed2c00
[0x0000022420ecdf50] MethodData_lock - owner thread: 0x000002243bc0f7f0

Heap address: 0x00000000c9e00000, size: 866 MB, Compressed Oops mode: 32-bit

CDS archive(s) mapped at: [0x0000000800000000-0x0000000800ba0000-0x0000000800ba0000), size 12189696, SharedBaseAddress: 0x0000000800000000, ArchiveRelocationMode: 0.
Compressed class space mapped at: 0x0000000800c00000-0x0000000840c00000, reserved size: 1073741824
Narrow klass base: 0x0000000800000000, Narrow klass shift: 0, Narrow klass range: 0x100000000

GC Precious Log:
 CardTable entry size: 512
 Card Set container configuration: InlinePtr #cards 5 size 8 Array Of Cards #cards 12 size 40 Howl #buckets 4 coarsen threshold 1843 Howl Bitmap #cards 512 size 80 coarsen threshold 460 Card regions per heap region 1 cards per card region 2048
 CPUs: 4 total, 4 available
 Memory: 3463M
 Large Page Support: Disabled
 NUMA Support: Disabled
 Compressed Oops: Enabled (32-bit)
 Heap Region Size: 1M
 Heap Min Capacity: 8M
 Heap Initial Capacity: 56M
 Heap Max Capacity: 866M
 Pre-touch: Disabled
 Parallel Workers: 4
 Concurrent Workers: 1
 Concurrent Refinement Workers: 4
 Periodic GC: Disabled

Heap:
 garbage-first heap   total 57344K, used 27901K [0x00000000c9e00000, 0x0000000100000000)
  region size 1024K, 4 young (4096K), 3 survivors (3072K)
 Metaspace       used 21328K, committed 21568K, reserved 1114112K
  class space    used 2608K, committed 2752K, reserved 1048576K

Heap Regions: E=young(eden), S=young(survivor), O=old, HS=humongous(starts), HC=humongous(continues), CS=collection set, F=free, OA=open archive, CA=closed archive, TAMS=top-at-mark-start (previous, next)
|   0|0x00000000c9e00000, 0x00000000c9f00000, 0x00000000c9f00000|100%| O|  |TAMS 0x00000000c9f00000, 0x00000000c9e00000| Untracked 
|   1|0x00000000c9f00000, 0x00000000ca000000, 0x00000000ca000000|100%| O|  |TAMS 0x00000000ca000000, 0x00000000c9f00000| Untracked 
|   2|0x00000000ca000000, 0x00000000ca100000, 0x00000000ca100000|100%| O|  |TAMS 0x00000000ca100000, 0x00000000ca000000| Untracked 
|   3|0x00000000ca100000, 0x00000000ca200000, 0x00000000ca200000|100%| O|  |TAMS 0x00000000ca200000, 0x00000000ca100000| Untracked 
|   4|0x00000000ca200000, 0x00000000ca300000, 0x00000000ca300000|100%| O|  |TAMS 0x00000000ca2e7000, 0x00000000ca200000| Untracked 
|   5|0x00000000ca300000, 0x00000000ca400000, 0x00000000ca400000|100%|HS|  |TAMS 0x00000000ca400000, 0x00000000ca300000| Complete 
|   6|0x00000000ca400000, 0x00000000ca500000, 0x00000000ca500000|100%|HC|  |TAMS 0x00000000ca500000, 0x00000000ca400000| Complete 
|   7|0x00000000ca500000, 0x00000000ca600000, 0x00000000ca600000|100%|HC|  |TAMS 0x00000000ca600000, 0x00000000ca500000| Complete 
|   8|0x00000000ca600000, 0x00000000ca700000, 0x00000000ca700000|100%|HC|  |TAMS 0x00000000ca700000, 0x00000000ca600000| Complete 
|   9|0x00000000ca700000, 0x00000000ca800000, 0x00000000ca800000|100%|HC|  |TAMS 0x00000000ca800000, 0x00000000ca700000| Complete 
|  10|0x00000000ca800000, 0x00000000ca900000, 0x00000000ca900000|100%|HC|  |TAMS 0x00000000ca900000, 0x00000000ca800000| Complete 
|  11|0x00000000ca900000, 0x00000000caa00000, 0x00000000caa00000|100%|HC|  |TAMS 0x00000000caa00000, 0x00000000ca900000| Complete 
|  12|0x00000000caa00000, 0x00000000cab00000, 0x00000000cab00000|100%|HC|  |TAMS 0x00000000cab00000, 0x00000000caa00000| Complete 
|  13|0x00000000cab00000, 0x00000000cac00000, 0x00000000cac00000|100%|HC|  |TAMS 0x00000000cac00000, 0x00000000cab00000| Complete 
|  14|0x00000000cac00000, 0x00000000cad00000, 0x00000000cad00000|100%|HC|  |TAMS 0x00000000cad00000, 0x00000000cac00000| Complete 
|  15|0x00000000cad00000, 0x00000000cae00000, 0x00000000cae00000|100%|HC|  |TAMS 0x00000000cae00000, 0x00000000cad00000| Complete 
|  16|0x00000000cae00000, 0x00000000caf00000, 0x00000000caf00000|100%|HC|  |TAMS 0x00000000caf00000, 0x00000000cae00000| Complete 
|  17|0x00000000caf00000, 0x00000000cb000000, 0x00000000cb000000|100%|HC|  |TAMS 0x00000000cb000000, 0x00000000caf00000| Complete 
|  18|0x00000000cb000000, 0x00000000cb100000, 0x00000000cb100000|100%|HC|  |TAMS 0x00000000cb100000, 0x00000000cb000000| Complete 
|  19|0x00000000cb100000, 0x00000000cb200000, 0x00000000cb200000|100%|HC|  |TAMS 0x00000000cb200000, 0x00000000cb100000| Complete 
|  20|0x00000000cb200000, 0x00000000cb300000, 0x00000000cb300000|100%|HC|  |TAMS 0x00000000cb300000, 0x00000000cb200000| Complete 
|  21|0x00000000cb300000, 0x00000000cb400000, 0x00000000cb400000|100%|HC|  |TAMS 0x00000000cb400000, 0x00000000cb300000| Complete 
|  22|0x00000000cb400000, 0x00000000cb500000, 0x00000000cb500000|100%| O|  |TAMS 0x00000000cb400000, 0x00000000cb400000| Untracked 
|  23|0x00000000cb500000, 0x00000000cb600000, 0x00000000cb600000|100%| O|  |TAMS 0x00000000cb500000, 0x00000000cb500000| Untracked 
|  24|0x00000000cb600000, 0x00000000cb6e1e00, 0x00000000cb700000| 88%| O|  |TAMS 0x00000000cb600000, 0x00000000cb600000| Untracked 
|  25|0x00000000cb700000, 0x00000000cb700000, 0x00000000cb800000|  0%| F|  |TAMS 0x00000000cb700000, 0x00000000cb700000| Untracked 
|  26|0x00000000cb800000, 0x00000000cb800000, 0x00000000cb900000|  0%| F|  |TAMS 0x00000000cb800000, 0x00000000cb800000| Untracked 
|  27|0x00000000cb900000, 0x00000000cb900000, 0x00000000cba00000|  0%| F|  |TAMS 0x00000000cb900000, 0x00000000cb900000| Untracked 
|  28|0x00000000cba00000, 0x00000000cba00000, 0x00000000cbb00000|  0%| F|  |TAMS 0x00000000cba00000, 0x00000000cba00000| Untracked 
|  29|0x00000000cbb00000, 0x00000000cbb00000, 0x00000000cbc00000|  0%| F|  |TAMS 0x00000000cbb00000, 0x00000000cbb00000| Untracked 
|  30|0x00000000cbc00000, 0x00000000cbc00000, 0x00000000cbd00000|  0%| F|  |TAMS 0x00000000cbc00000, 0x00000000cbc00000| Untracked 
|  31|0x00000000cbd00000, 0x00000000cbd00000, 0x00000000cbe00000|  0%| F|  |TAMS 0x00000000cbd00000, 0x00000000cbd00000| Untracked 
|  32|0x00000000cbe00000, 0x00000000cbe00000, 0x00000000cbf00000|  0%| F|  |TAMS 0x00000000cbe00000, 0x00000000cbe00000| Untracked 
|  33|0x00000000cbf00000, 0x00000000cbf00000, 0x00000000cc000000|  0%| F|  |TAMS 0x00000000cbf00000, 0x00000000cbf00000| Untracked 
|  34|0x00000000cc000000, 0x00000000cc000000, 0x00000000cc100000|  0%| F|  |TAMS 0x00000000cc000000, 0x00000000cc000000| Untracked 
|  35|0x00000000cc100000, 0x00000000cc15d960, 0x00000000cc200000| 36%| S|CS|TAMS 0x00000000cc100000, 0x00000000cc100000| Complete 
|  36|0x00000000cc200000, 0x00000000cc300000, 0x00000000cc300000|100%| S|CS|TAMS 0x00000000cc200000, 0x00000000cc200000| Complete 
|  37|0x00000000cc300000, 0x00000000cc400000, 0x00000000cc400000|100%| S|CS|TAMS 0x00000000cc300000, 0x00000000cc300000| Complete 
|  38|0x00000000cc400000, 0x00000000cc400000, 0x00000000cc500000|  0%| F|  |TAMS 0x00000000cc400000, 0x00000000cc400000| Untracked 
|  39|0x00000000cc500000, 0x00000000cc500000, 0x00000000cc600000|  0%| F|  |TAMS 0x00000000cc500000, 0x00000000cc500000| Untracked 
|  40|0x00000000cc600000, 0x00000000cc600000, 0x00000000cc700000|  0%| F|  |TAMS 0x00000000cc600000, 0x00000000cc600000| Untracked 
|  41|0x00000000cc700000, 0x00000000cc700000, 0x00000000cc800000|  0%| F|  |TAMS 0x00000000cc700000, 0x00000000cc700000| Untracked 
|  42|0x00000000cc800000, 0x00000000cc800000, 0x00000000cc900000|  0%| F|  |TAMS 0x00000000cc800000, 0x00000000cc800000| Untracked 
|  43|0x00000000cc900000, 0x00000000cc900000, 0x00000000cca00000|  0%| F|  |TAMS 0x00000000cc900000, 0x00000000cc900000| Untracked 
|  44|0x00000000cca00000, 0x00000000cca00000, 0x00000000ccb00000|  0%| F|  |TAMS 0x00000000cca00000, 0x00000000cca00000| Untracked 
|  45|0x00000000ccb00000, 0x00000000ccb00000, 0x00000000ccc00000|  0%| F|  |TAMS 0x00000000ccb00000, 0x00000000ccb00000| Untracked 
|  46|0x00000000ccc00000, 0x00000000ccc00000, 0x00000000ccd00000|  0%| F|  |TAMS 0x00000000ccc00000, 0x00000000ccc00000| Untracked 
|  47|0x00000000ccd00000, 0x00000000ccd00000, 0x00000000cce00000|  0%| F|  |TAMS 0x00000000ccd00000, 0x00000000ccd00000| Untracked 
|  48|0x00000000cce00000, 0x00000000cce00000, 0x00000000ccf00000|  0%| F|  |TAMS 0x00000000cce00000, 0x00000000cce00000| Untracked 
|  49|0x00000000ccf00000, 0x00000000ccf00000, 0x00000000cd000000|  0%| F|  |TAMS 0x00000000ccf00000, 0x00000000ccf00000| Untracked 
|  50|0x00000000cd000000, 0x00000000cd000000, 0x00000000cd100000|  0%| F|  |TAMS 0x00000000cd000000, 0x00000000cd000000| Untracked 
|  51|0x00000000cd100000, 0x00000000cd100000, 0x00000000cd200000|  0%| F|  |TAMS 0x00000000cd100000, 0x00000000cd100000| Untracked 
|  52|0x00000000cd200000, 0x00000000cd200000, 0x00000000cd300000|  0%| F|  |TAMS 0x00000000cd200000, 0x00000000cd200000| Untracked 
|  53|0x00000000cd300000, 0x00000000cd300000, 0x00000000cd400000|  0%| F|  |TAMS 0x00000000cd300000, 0x00000000cd300000| Untracked 
|  54|0x00000000cd400000, 0x00000000cd400000, 0x00000000cd500000|  0%| F|  |TAMS 0x00000000cd400000, 0x00000000cd400000| Untracked 
|  55|0x00000000cd500000, 0x00000000cd600000, 0x00000000cd600000|100%| E|  |TAMS 0x00000000cd500000, 0x00000000cd500000| Complete 

Card table byte_map: [0x00000224377f0000,0x00000224379b0000] _byte_map_base: 0x00000224371a1000

Marking Bits (Prev, Next): (CMBitMap*) 0x0000022420f0f4e0, (CMBitMap*) 0x0000022420f0f4a0
 Prev Bits: [0x0000022438900000, 0x0000022439688000)
 Next Bits: [0x0000022437b70000, 0x00000224388f8000)

Polling page: 0x000002241ed60000

Metaspace:

Usage:
  Non-class:     18.28 MB used.
      Class:      2.55 MB used.
       Both:     20.83 MB used.

Virtual space:
  Non-class space:       64.00 MB reserved,      18.38 MB ( 29%) committed,  1 nodes.
      Class space:        1.00 GB reserved,       2.69 MB ( <1%) committed,  1 nodes.
             Both:        1.06 GB reserved,      21.06 MB (  2%) committed. 

Chunk freelists:
   Non-Class:  1.50 MB
       Class:  1.29 MB
        Both:  2.79 MB

MaxMetaspaceSize: unlimited
CompressedClassSpaceSize: 1.00 GB
Initial GC threshold: 21.00 MB
Current GC threshold: 35.12 MB
CDS: on
MetaspaceReclaimPolicy: balanced
 - commit_granule_bytes: 65536.
 - commit_granule_words: 8192.
 - virtual_space_node_default_size: 8388608.
 - enlarge_chunks_in_place: 1.
 - new_chunks_are_fully_committed: 0.
 - uncommit_free_chunks: 1.
 - use_allocation_guard: 0.


Internal statistics:

num_allocs_failed_limit: 3.
num_arena_births: 240.
num_arena_deaths: 0.
num_vsnodes_births: 2.
num_vsnodes_deaths: 0.
num_space_committed: 337.
num_space_uncommitted: 0.
num_chunks_returned_to_freelist: 3.
num_chunks_taken_from_freelist: 778.
num_chunk_merges: 3.
num_chunk_splits: 535.
num_chunks_enlarged: 423.
num_inconsistent_stats: 0.

CodeHeap 'non-profiled nmethods': size=120000Kb used=752Kb max_used=752Kb free=119247Kb
 bounds [0x00000224302c0000, 0x0000022430530000, 0x00000224377f0000]
CodeHeap 'profiled nmethods': size=120000Kb used=4166Kb max_used=4166Kb free=115833Kb
 bounds [0x0000022428d90000, 0x00000224291b0000, 0x00000224302c0000]
CodeHeap 'non-nmethods': size=5760Kb used=1291Kb max_used=1305Kb free=4469Kb
 bounds [0x00000224287f0000, 0x0000022428a60000, 0x0000022428d90000]
 total_blobs=2744 nmethods=2153 adapters=503
 compilation: enabled
              stopped_count=0, restarted_count=0
 full_count=0

Compilation events (20 events):
Event: 23.778 Thread 0x000002243bc0f7f0 2145       3       java.io.Writer::write (11 bytes)
Event: 23.778 Thread 0x000002243bc0f7f0 nmethod 2145 0x000002242919bc10 code [0x000002242919bdc0, 0x000002242919c0a8]
Event: 23.778 Thread 0x000002243bc0f7f0 2146       1       org.testng.shaded.com.google.gson.reflect.TypeToken::getType (5 bytes)
Event: 23.779 Thread 0x000002243bc0f7f0 nmethod 2146 0x000002243037b910 code [0x000002243037baa0, 0x000002243037bb78]
Event: 23.781 Thread 0x000002243bc0f7f0 2147       3       java.lang.Module::isStaticallyExportedOrOpen (70 bytes)
Event: 23.781 Thread 0x000002243bc0ef00 2149       4       java.util.ArrayList$Itr::hasNext (20 bytes)
Event: 23.782 Thread 0x000002243bc0f7f0 nmethod 2147 0x000002242919c210 code [0x000002242919c420, 0x000002242919cb18]
Event: 23.782 Thread 0x000002243bc0f7f0 2148       3       org.testng.shaded.com.google.gson.internal.Excluder::isAnonymousOrLocal (29 bytes)
Event: 23.782 Thread 0x000002243bc0ef00 nmethod 2149 0x000002243037bc10 code [0x000002243037bd80, 0x000002243037be18]
Event: 23.783 Thread 0x000002243bc0f7f0 nmethod 2148 0x000002242919cc90 code [0x000002242919cee0, 0x000002242919d6e8]
Event: 23.783 Thread 0x000002243bc0f7f0 2150       3       java.lang.Class::isAnonymousClass (27 bytes)
Event: 23.783 Thread 0x000002243bc0f7f0 nmethod 2150 0x000002242919d990 code [0x000002242919db80, 0x000002242919df18]
Event: 23.783 Thread 0x000002243bc0f7f0 2151       3       java.lang.Class::isLocalClass (27 bytes)
Event: 23.783 Thread 0x000002243bc0f7f0 nmethod 2151 0x000002242919e090 code [0x000002242919e280, 0x000002242919e618]
Event: 23.798 Thread 0x000002243bc0f7f0 2152       3       java.util.concurrent.ConcurrentHashMap::sumCount (60 bytes)
Event: 23.798 Thread 0x000002243bc0f7f0 nmethod 2152 0x000002242919e790 code [0x000002242919e940, 0x000002242919eb98]
Event: 23.801 Thread 0x000002243bc0f7f0 2153       3       java.util.StringTokenizer::scanToken (179 bytes)
Event: 23.803 Thread 0x000002243bc0f7f0 nmethod 2153 0x000002242919ec90 code [0x000002242919efe0, 0x00000224291a0638]
Event: 23.811 Thread 0x000002243bc0f7f0 2154       3       java.util.Locale::equals (75 bytes)
Event: 23.811 Thread 0x000002243bc0f7f0 nmethod 2154 0x00000224291a0e90 code [0x00000224291a10a0, 0x00000224291a1818]

GC Heap History (8 events):
Event: 7.134 GC heap before
{Heap before GC invocations=0 (full 0):
 garbage-first heap   total 57344K, used 13312K [0x00000000c9e00000, 0x0000000100000000)
  region size 1024K, 13 young (13312K), 0 survivors (0K)
 Metaspace       used 5562K, committed 5824K, reserved 1114112K
  class space    used 582K, committed 704K, reserved 1048576K
}
Event: 7.142 GC heap after
{Heap after GC invocations=1 (full 0):
 garbage-first heap   total 57344K, used 3986K [0x00000000c9e00000, 0x0000000100000000)
  region size 1024K, 2 young (2048K), 2 survivors (2048K)
 Metaspace       used 5562K, committed 5824K, reserved 1114112K
  class space    used 582K, committed 704K, reserved 1048576K
}
Event: 8.056 GC heap before
{Heap before GC invocations=1 (full 0):
 garbage-first heap   total 57344K, used 16274K [0x00000000c9e00000, 0x0000000100000000)
  region size 1024K, 14 young (14336K), 2 survivors (2048K)
 Metaspace       used 9372K, committed 9536K, reserved 1114112K
  class space    used 1093K, committed 1152K, reserved 1048576K
}
Event: 8.063 GC heap after
{Heap after GC invocations=2 (full 0):
 garbage-first heap   total 57344K, used 5277K [0x00000000c9e00000, 0x0000000100000000)
  region size 1024K, 2 young (2048K), 2 survivors (2048K)
 Metaspace       used 9372K, committed 9536K, reserved 1114112K
  class space    used 1093K, committed 1152K, reserved 1048576K
}
Event: 9.449 GC heap before
{Heap before GC invocations=2 (full 0):
 garbage-first heap   total 57344K, used 23709K [0x00000000c9e00000, 0x0000000100000000)
  region size 1024K, 21 young (21504K), 2 survivors (2048K)
 Metaspace       used 16560K, committed 16832K, reserved 1114112K
  class space    used 1931K, committed 2048K, reserved 1048576K
}
Event: 9.460 GC heap after
{Heap after GC invocations=3 (full 0):
 garbage-first heap   total 57344K, used 8092K [0x00000000c9e00000, 0x0000000100000000)
  region size 1024K, 3 young (3072K), 3 survivors (3072K)
 Metaspace       used 16560K, committed 16832K, reserved 1114112K
  class space    used 1931K, committed 2048K, reserved 1048576K
}
Event: 23.709 GC heap before
{Heap before GC invocations=3 (full 0):
 garbage-first heap   total 57344K, used 42908K [0x00000000c9e00000, 0x0000000100000000)
  region size 1024K, 21 young (21504K), 3 survivors (3072K)
 Metaspace       used 21202K, committed 21504K, reserved 1114112K
  class space    used 2579K, committed 2688K, reserved 1048576K
}
Event: 23.720 GC heap after
{Heap after GC invocations=4 (full 0):
 garbage-first heap   total 57344K, used 27901K [0x00000000c9e00000, 0x0000000100000000)
  region size 1024K, 3 young (3072K), 3 survivors (3072K)
 Metaspace       used 21202K, committed 21504K, reserved 1114112K
  class space    used 2579K, committed 2688K, reserved 1048576K
}

Deoptimization events (20 events):
Event: 8.313 Thread 0x0000022420ed2c00 Uncommon trap: trap_request=0xffffff45 fr.pc=0x000002243032f780 relative=0x0000000000000260
Event: 8.313 Thread 0x0000022420ed2c00 Uncommon trap: reason=unstable_if action=reinterpret pc=0x000002243032f780 method=java.util.StringTokenizer.scanToken(I)I @ 42 c2
Event: 8.313 Thread 0x0000022420ed2c00 DEOPT PACKING pc=0x000002243032f780 sp=0x00000056c21fa050
Event: 8.313 Thread 0x0000022420ed2c00 DEOPT UNPACKING pc=0x00000224288423a3 sp=0x00000056c21f9fe0 mode 2
Event: 8.979 Thread 0x0000022420ed2c00 Uncommon trap: trap_request=0xffffff45 fr.pc=0x0000022430326324 relative=0x0000000000000584
Event: 8.979 Thread 0x0000022420ed2c00 Uncommon trap: reason=unstable_if action=reinterpret pc=0x0000022430326324 method=java.lang.String.replace(CC)Ljava/lang/String; @ 2 c2
Event: 8.979 Thread 0x0000022420ed2c00 DEOPT PACKING pc=0x0000022430326324 sp=0x00000056c21fdf20
Event: 8.979 Thread 0x0000022420ed2c00 DEOPT UNPACKING pc=0x00000224288423a3 sp=0x00000056c21fded0 mode 2
Event: 8.982 Thread 0x0000022420ed2c00 Uncommon trap: trap_request=0xffffff45 fr.pc=0x0000022430329dd8 relative=0x0000000000000ab8
Event: 8.982 Thread 0x0000022420ed2c00 Uncommon trap: reason=unstable_if action=reinterpret pc=0x0000022430329dd8 method=java.util.concurrent.ConcurrentHashMap.putVal(Ljava/lang/Object;Ljava/lang/Object;Z)Ljava/lang/Object; @ 112 c2
Event: 8.982 Thread 0x0000022420ed2c00 DEOPT PACKING pc=0x0000022430329dd8 sp=0x00000056c21fd2b0
Event: 8.982 Thread 0x0000022420ed2c00 DEOPT UNPACKING pc=0x00000224288423a3 sp=0x00000056c21fd220 mode 2
Event: 9.013 Thread 0x000002244101d650 Uncommon trap: trap_request=0xffffff45 fr.pc=0x000002243032cbf8 relative=0x00000000000000d8
Event: 9.013 Thread 0x000002244101d650 Uncommon trap: reason=unstable_if action=reinterpret pc=0x000002243032cbf8 method=java.lang.CharacterDataLatin1.digit(II)I @ 12 c2
Event: 9.013 Thread 0x000002244101d650 DEOPT PACKING pc=0x000002243032cbf8 sp=0x00000056c3dfe770
Event: 9.013 Thread 0x000002244101d650 DEOPT UNPACKING pc=0x00000224288423a3 sp=0x00000056c3dfe628 mode 2
Event: 9.039 Thread 0x000002244101d650 Uncommon trap: trap_request=0xffffff45 fr.pc=0x000002243032c848 relative=0x00000000000000a8
Event: 9.039 Thread 0x000002244101d650 Uncommon trap: reason=unstable_if action=reinterpret pc=0x000002243032c848 method=java.lang.CharacterDataLatin1.digit(II)I @ 12 c2
Event: 9.039 Thread 0x000002244101d650 DEOPT PACKING pc=0x000002243032c848 sp=0x00000056c3dfe6d0
Event: 9.039 Thread 0x000002244101d650 DEOPT UNPACKING pc=0x00000224288423a3 sp=0x00000056c3dfe648 mode 2

Classes loaded (20 events):
Event: 23.732 Loading class java/util/LinkedList$ListItr done
Event: 23.783 Loading class java/util/concurrent/ConcurrentLinkedQueue$Itr
Event: 23.784 Loading class java/util/concurrent/ConcurrentLinkedQueue$Itr done
Event: 23.798 Loading class sun/util/locale/provider/TimeZoneNameUtility
Event: 23.798 Loading class sun/util/locale/provider/TimeZoneNameUtility done
Event: 23.799 Loading class sun/util/locale/provider/TimeZoneNameUtility$TimeZoneNameGetter
Event: 23.799 Loading class sun/util/locale/provider/TimeZoneNameUtility$TimeZoneNameGetter done
Event: 23.800 Loading class sun/util/cldr/CLDRTimeZoneNameProviderImpl
Event: 23.800 Loading class sun/util/locale/provider/TimeZoneNameProviderImpl
Event: 23.801 Loading class sun/util/locale/provider/TimeZoneNameProviderImpl done
Event: 23.801 Loading class sun/util/cldr/CLDRTimeZoneNameProviderImpl done
Event: 23.805 Loading class sun/util/locale/provider/BaseLocaleDataMetaInfo
Event: 23.805 Loading class sun/util/locale/provider/BaseLocaleDataMetaInfo done
Event: 23.812 Loading class sun/util/resources/cldr/TimeZoneNames
Event: 23.812 Loading class sun/util/resources/TimeZoneNamesBundle
Event: 23.812 Loading class sun/util/resources/OpenListResourceBundle
Event: 23.813 Loading class sun/util/resources/OpenListResourceBundle done
Event: 23.813 Loading class sun/util/resources/TimeZoneNamesBundle done
Event: 23.813 Loading class sun/util/resources/cldr/TimeZoneNames done
Event: 23.814 Loading class sun/util/resources/cldr/TimeZoneNames_en

Classes unloaded (0 events):
No events

Classes redefined (0 events):
No events

Internal exceptions (20 events):
Event: 9.072 Thread 0x000002244101d650 Exception <a 'java/net/ConnectException'{0x00000000cc2c4e98}: Connection refused: no further information> (0x00000000cc2c4e98) 
thrown [t:\workspace\open\src\hotspot\share\prims\jni.cpp, line 535]
Event: 9.072 Thread 0x000002244101d650 Exception <a 'java/net/SocketException'{0x00000000cc2c51d0}: Socket is not connected: shutdown> (0x00000000cc2c51d0) 
thrown [t:\workspace\open\src\hotspot\share\prims\jni.cpp, line 535]
Event: 9.123 Thread 0x000002244101d650 Exception <a 'java/net/ConnectException'{0x00000000cc2c6168}: Connection refused: no further information> (0x00000000cc2c6168) 
thrown [t:\workspace\open\src\hotspot\share\prims\jni.cpp, line 535]
Event: 9.123 Thread 0x000002244101d650 Exception <a 'java/net/SocketException'{0x00000000cc2c64a0}: Socket is not connected: shutdown> (0x00000000cc2c64a0) 
thrown [t:\workspace\open\src\hotspot\share\prims\jni.cpp, line 535]
Event: 9.212 Thread 0x000002244101d650 Exception <a 'java/net/ConnectException'{0x00000000cc2c7438}: Connection refused: no further information> (0x00000000cc2c7438) 
thrown [t:\workspace\open\src\hotspot\share\prims\jni.cpp, line 535]
Event: 9.213 Thread 0x000002244101d650 Exception <a 'java/net/SocketException'{0x00000000cc2c7770}: Socket is not connected: shutdown> (0x00000000cc2c7770) 
thrown [t:\workspace\open\src\hotspot\share\prims\jni.cpp, line 535]
Event: 9.433 Thread 0x0000022420ed2c00 Exception <a 'java/lang/NoSuchMethodError'{0x00000000cc1bd210}: 'double java.lang.invoke.DirectMethodHandle$Holder.invokeVirtual(java.lang.Object, java.lang.Object)'> (0x00000000cc1bd210) 
thrown [t:\workspace\open\src\hotspot\share\interpreter\linkResolver.cpp, line 766]
Event: 9.434 Thread 0x0000022420ed2c00 Exception <a 'java/lang/NoSuchMethodError'{0x00000000cc1c3b08}: 'float java.lang.invoke.DirectMethodHandle$Holder.invokeVirtual(java.lang.Object, java.lang.Object)'> (0x00000000cc1c3b08) 
thrown [t:\workspace\open\src\hotspot\share\interpreter\linkResolver.cpp, line 766]
Event: 9.436 Thread 0x0000022420ed2c00 Exception <a 'java/lang/NoSuchMethodError'{0x00000000cc1ccd88}: 'long java.lang.invoke.DirectMethodHandle$Holder.invokeVirtual(java.lang.Object, java.lang.Object)'> (0x00000000cc1ccd88) 
thrown [t:\workspace\open\src\hotspot\share\interpreter\linkResolver.cpp, line 766]
Event: 9.526 Thread 0x0000022420ed2c00 Exception <a 'java/lang/NoSuchMethodError'{0x00000000cd417a40}: 'void java.lang.invoke.DirectMethodHandle$Holder.invokeSpecial(java.lang.Object, java.lang.Object, java.lang.Object, java.lang.Object, java.lang.Object)'> (0x00000000cd417a40) 
thrown [t:\workspace\open\src\hotspot\share\interpreter\linkResolver.cpp, line 766]
Event: 9.530 Thread 0x0000022420ed2c00 Exception <a 'java/lang/NoSuchMethodError'{0x00000000cd41e858}: 'void java.lang.invoke.DirectMethodHandle$Holder.invokeStatic(java.lang.Object, java.lang.Object, int)'> (0x00000000cd41e858) 
thrown [t:\workspace\open\src\hotspot\share\interpreter\linkResolver.cpp, line 766]
Event: 9.587 Thread 0x0000022420ed2c00 Exception <a 'java/lang/NoSuchMethodError'{0x00000000cd4d88e8}: 'java.lang.Object java.lang.invoke.DirectMethodHandle$Holder.newInvokeSpecial(java.lang.Object, java.lang.Object, java.lang.Object, java.lang.Object, java.lang.Object)'> (0x00000000cd4d88e8) 
thrown [t:\workspace\open\src\hotspot\share\interpreter\linkResolver.cpp, line 766]
Event: 9.631 Thread 0x0000022420ed2c00 Exception <a 'java/lang/NoSuchMethodError'{0x00000000cd3a1358}: 'int java.lang.invoke.DirectMethodHandle$Holder.invokeSpecialIFC(java.lang.Object, java.lang.Object, java.lang.Object)'> (0x00000000cd3a1358) 
thrown [t:\workspace\open\src\hotspot\share\interpreter\linkResolver.cpp, line 766]
Event: 9.848 Thread 0x0000022420ed2c00 Exception <a 'java/lang/NoSuchMethodError'{0x00000000cd0a20d0}: 'void java.lang.invoke.DirectMethodHandle$Holder.invokeSpecial(java.lang.Object, java.lang.Object, java.lang.Object, java.lang.Object, java.lang.Object, java.lang.Object)'> (0x00000000cd0a20d0) 
thrown [t:\workspace\open\src\hotspot\share\interpreter\linkResolver.cpp, line 766]
Event: 13.232 Thread 0x0000022420ed2c00 Exception <a 'java/lang/NoSuchMethodError'{0x00000000cc920760}: 'java.lang.Object java.lang.invoke.DirectMethodHandle$Holder.invokeSpecialIFC(java.lang.Object, java.lang.Object, java.lang.Object)'> (0x00000000cc920760) 
thrown [t:\workspace\open\src\hotspot\share\interpreter\linkResolver.cpp, line 766]
Event: 13.329 Thread 0x0000022420ed2c00 Exception <a 'java/lang/ClassNotFoundException'{0x00000000cc9e1758}: sun/util/logging/resources/spi/loggingProvider> (0x00000000cc9e1758) 
thrown [t:\workspace\open\src\hotspot\share\classfile\systemDictionary.cpp, line 255]
Event: 23.664 Thread 0x0000022420ed2c00 Exception <a 'java/lang/NoSuchMethodError'{0x00000000cc5dcd88}: 'long java.lang.invoke.DelegatingMethodHandle$Holder.reinvoke_L(java.lang.Object, java.lang.Object)'> (0x00000000cc5dcd88) 
thrown [t:\workspace\open\src\hotspot\share\interpreter\linkResolver.cpp, line 766]
Event: 23.666 Thread 0x0000022420ed2c00 Exception <a 'java/lang/NoSuchMethodError'{0x00000000cc5e7060}: 'void java.lang.invoke.DelegatingMethodHandle$Holder.reinvoke_L(java.lang.Object, java.lang.Object, long)'> (0x00000000cc5e7060) 
thrown [t:\workspace\open\src\hotspot\share\interpreter\linkResolver.cpp, line 766]
Event: 23.668 Thread 0x0000022420ed2c00 Exception <a 'java/lang/NoSuchMethodError'{0x00000000cc5edeb8}: 'long java.lang.invoke.Invokers$Holder.invokeExact_MT(java.lang.Object, java.lang.Object, java.lang.Object)'> (0x00000000cc5edeb8) 
thrown [t:\workspace\open\src\hotspot\share\interpreter\linkResolver.cpp, line 766]
Event: 23.723 Thread 0x0000022420ed2c00 Exception <a 'java/lang/NoSuchMethodError'{0x00000000cd503808}: 'void java.lang.invoke.DirectMethodHandle$Holder.invokeInterface(java.lang.Object, java.lang.Object)'> (0x00000000cd503808) 
thrown [t:\workspace\open\src\hotspot\share\interpreter\linkResolver.cpp, line 766]

VM Operations (20 events):
Event: 13.276 Executing VM operation: HandshakeAllThreads
Event: 13.277 Executing VM operation: HandshakeAllThreads done
Event: 13.277 Executing VM operation: Cleanup
Event: 13.277 Executing VM operation: Cleanup done
Event: 14.287 Executing VM operation: Cleanup
Event: 14.287 Executing VM operation: Cleanup done
Event: 15.302 Executing VM operation: Cleanup
Event: 15.302 Executing VM operation: Cleanup done
Event: 18.318 Executing VM operation: Cleanup
Event: 18.318 Executing VM operation: Cleanup done
Event: 21.340 Executing VM operation: Cleanup
Event: 21.340 Executing VM operation: Cleanup done
Event: 23.355 Executing VM operation: Cleanup
Event: 23.355 Executing VM operation: Cleanup done
Event: 23.709 Executing VM operation: CollectForMetadataAllocation
Event: 23.720 Executing VM operation: CollectForMetadataAllocation done
Event: 23.739 Executing VM operation: G1Concurrent
Event: 23.743 Executing VM operation: G1Concurrent done
Event: 23.743 Executing VM operation: G1Concurrent
Event: 23.743 Executing VM operation: G1Concurrent done

Events (20 events):
Event: 7.986 Loaded shared library C:\Program Files\Java\jdk-18\bin\management.dll
Event: 8.003 Loaded shared library C:\Program Files\Java\jdk-18\bin\management_ext.dll
Event: 8.076 Thread 0x0000022440ad9e30 Thread added: 0x0000022440ad9e30
Event: 8.483 Loaded shared library C:\Program Files\Java\jdk-18\bin\sunmscapi.dll
Event: 8.981 Thread 0x0000022441493470 Thread added: 0x0000022441493470
Event: 8.987 Thread 0x00000224409399b0 Thread added: 0x00000224409399b0
Event: 8.989 Thread 0x000002244101d190 Thread added: 0x000002244101d190
Event: 8.995 Thread 0x000002244101d650 Thread added: 0x000002244101d650
Event: 9.050 Thread 0x000002244080de90 Thread added: 0x000002244080de90
Event: 9.050 Thread 0x000002244080e360 Thread added: 0x000002244080e360
Event: 9.398 Thread 0x000002244080d020 Thread added: 0x000002244080d020
Event: 10.051 Thread 0x000002244080d4f0 Thread added: 0x000002244080d4f0
Event: 13.476 Thread 0x000002244080e830 Thread added: 0x000002244080e830
Event: 14.399 Thread 0x000002244080d020 Thread exited: 0x000002244080d020
Event: 14.498 Thread 0x000002244080d020 Thread added: 0x000002244080d020
Event: 16.513 Thread 0x0000022440bd4a90 Thread added: 0x0000022440bd4a90
Event: 17.529 Thread 0x0000022440bd3c20 Thread added: 0x0000022440bd3c20
Event: 18.540 Thread 0x0000022440bd0730 Thread added: 0x0000022440bd0730
Event: 20.558 Thread 0x0000022440bd5430 Thread added: 0x0000022440bd5430
Event: 22.574 Thread 0x0000022440bd15a0 Thread added: 0x0000022440bd15a0


Dynamic libraries:
0x00007ff7edba0000 - 0x00007ff7edbb0000 	C:\Program Files\Java\jdk-18\bin\javaw.exe
0x00007ffdfbe30000 - 0x00007ffdfc025000 	C:\windows\SYSTEM32\ntdll.dll
0x00007ffde1040000 - 0x00007ffde1056000 	C:\Program Files\Avast Software\Avast\aswhook.dll
0x00007ffdfb9f0000 - 0x00007ffdfbaae000 	C:\windows\System32\KERNEL32.DLL
0x00007ffdf97c0000 - 0x00007ffdf9a88000 	C:\windows\System32\KERNELBASE.dll
0x00007ffdf9d90000 - 0x00007ffdf9e90000 	C:\windows\System32\ucrtbase.dll
0x00007ffdd9880000 - 0x00007ffdd9898000 	C:\Program Files\Java\jdk-18\bin\jli.dll
0x00007ffdf9e90000 - 0x00007ffdf9f3e000 	C:\windows\System32\ADVAPI32.dll
0x00007ffde0fb0000 - 0x00007ffde0fca000 	C:\Program Files\Java\jdk-18\bin\VCRUNTIME140.dll
0x00007ffdfaa60000 - 0x00007ffdfaafe000 	C:\windows\System32\msvcrt.dll
0x00007ffdfa050000 - 0x00007ffdfa0ec000 	C:\windows\System32\sechost.dll
0x00007ffdfb8c0000 - 0x00007ffdfb9e5000 	C:\windows\System32\RPCRT4.dll
0x00007ffdfa0f0000 - 0x00007ffdfa290000 	C:\windows\System32\USER32.dll
0x00007ffdf9bf0000 - 0x00007ffdf9c12000 	C:\windows\System32\win32u.dll
0x00007ffdfbb60000 - 0x00007ffdfbb8b000 	C:\windows\System32\GDI32.dll
0x00007ffde1720000 - 0x00007ffde19ba000 	C:\windows\WinSxS\amd64_microsoft.windows.common-controls_6595b64144ccf1df_6.0.19041.1110_none_60b5254171f9507e\COMCTL32.dll
0x00007ffdf9550000 - 0x00007ffdf965b000 	C:\windows\System32\gdi32full.dll
0x00007ffdf9b00000 - 0x00007ffdf9b9d000 	C:\windows\System32\msvcp_win.dll
0x00007ffdf2e10000 - 0x00007ffdf2e1a000 	C:\windows\SYSTEM32\VERSION.dll
0x00007ffdf9fc0000 - 0x00007ffdf9ff0000 	C:\windows\System32\IMM32.DLL
0x00007ffdf3b10000 - 0x00007ffdf3b1c000 	C:\Program Files\Java\jdk-18\bin\vcruntime140_1.dll
0x00007ffdd1fa0000 - 0x00007ffdd202d000 	C:\Program Files\Java\jdk-18\bin\msvcp140.dll
0x00007ffdacee0000 - 0x00007ffdadaf1000 	C:\Program Files\Java\jdk-18\bin\server\jvm.dll
0x00007ffdfbb90000 - 0x00007ffdfbb98000 	C:\windows\System32\PSAPI.DLL
0x00007ffde65d0000 - 0x00007ffde65f7000 	C:\windows\SYSTEM32\WINMM.dll
0x00007ffde0d40000 - 0x00007ffde0d49000 	C:\windows\SYSTEM32\WSOCK32.dll
0x00007ffdfaff0000 - 0x00007ffdfb05b000 	C:\windows\System32\WS2_32.dll
0x00007ffdf7460000 - 0x00007ffdf7472000 	C:\windows\SYSTEM32\kernel.appcore.dll
0x00007ffded4d0000 - 0x00007ffded4da000 	C:\Program Files\Java\jdk-18\bin\jimage.dll
0x00007ffdeb310000 - 0x00007ffdeb4f4000 	C:\windows\SYSTEM32\DBGHELP.DLL
0x00007ffdeaab0000 - 0x00007ffdeaadc000 	C:\windows\SYSTEM32\dbgcore.DLL
0x00007ffdf9c20000 - 0x00007ffdf9ca2000 	C:\windows\System32\bcryptPrimitives.dll
0x00007ffdd4e50000 - 0x00007ffdd4e75000 	C:\Program Files\Java\jdk-18\bin\java.dll
0x00007ffdcb800000 - 0x00007ffdcb8d6000 	C:\Program Files\Java\jdk-18\bin\jsvml.dll
0x00007ffdfa310000 - 0x00007ffdfaa54000 	C:\windows\System32\SHELL32.dll
0x00007ffdf7660000 - 0x00007ffdf7df4000 	C:\windows\SYSTEM32\windows.storage.dll
0x00007ffdfac90000 - 0x00007ffdfafe4000 	C:\windows\System32\combase.dll
0x00007ffdf8ee0000 - 0x00007ffdf8f0c000 	C:\windows\SYSTEM32\Wldp.dll
0x00007ffdfab00000 - 0x00007ffdfabad000 	C:\windows\System32\SHCORE.dll
0x00007ffdf9ff0000 - 0x00007ffdfa045000 	C:\windows\System32\shlwapi.dll
0x00007ffdf9490000 - 0x00007ffdf94af000 	C:\windows\SYSTEM32\profapi.dll
0x00007ffdd7470000 - 0x00007ffdd7483000 	C:\Program Files\Java\jdk-18\bin\net.dll
0x00007ffde1c40000 - 0x00007ffde1d49000 	C:\windows\SYSTEM32\WINHTTP.dll
0x00007ffdf8c40000 - 0x00007ffdf8caa000 	C:\windows\system32\mswsock.dll
0x00007ffdd59c0000 - 0x00007ffdd59d6000 	C:\Program Files\Java\jdk-18\bin\nio.dll
0x00007ffdd5160000 - 0x00007ffdd5178000 	C:\Program Files\Java\jdk-18\bin\zip.dll
0x00007ffdf8970000 - 0x00007ffdf8a3a000 	C:\windows\SYSTEM32\DNSAPI.dll
0x00007ffdf8930000 - 0x00007ffdf896b000 	C:\windows\SYSTEM32\IPHLPAPI.DLL
0x00007ffdfb8b0000 - 0x00007ffdfb8b8000 	C:\windows\System32\NSI.dll
0x00007ffde19e0000 - 0x00007ffde19ea000 	C:\Windows\System32\rasadhlp.dll
0x00007ffde20b0000 - 0x00007ffde212f000 	C:\windows\System32\fwpuclnt.dll
0x00007ffdf9d60000 - 0x00007ffdf9d87000 	C:\windows\System32\bcrypt.dll
0x00007ffdf8e30000 - 0x00007ffdf8e48000 	C:\windows\SYSTEM32\CRYPTSP.dll
0x00007ffdf85c0000 - 0x00007ffdf85f4000 	C:\windows\system32\rsaenh.dll
0x00007ffdf9450000 - 0x00007ffdf947e000 	C:\windows\SYSTEM32\USERENV.dll
0x00007ffdf8e50000 - 0x00007ffdf8e5c000 	C:\windows\SYSTEM32\CRYPTBASE.dll
0x00007ffdf1d10000 - 0x00007ffdf1d27000 	C:\windows\SYSTEM32\dhcpcsvc6.DLL
0x00007ffdf2d60000 - 0x00007ffdf2d7d000 	C:\windows\SYSTEM32\dhcpcsvc.DLL
0x00007ffde8df0000 - 0x00007ffde8e00000 	C:\Program Files\Java\jdk-18\bin\verify.dll
0x00007ffde5e60000 - 0x00007ffde5e69000 	C:\Program Files\Java\jdk-18\bin\management.dll
0x00007ffde5b00000 - 0x00007ffde5b0b000 	C:\Program Files\Java\jdk-18\bin\management_ext.dll
0x00007ffde56b0000 - 0x00007ffde56be000 	C:\Program Files\Java\jdk-18\bin\sunmscapi.dll
0x00007ffdf9660000 - 0x00007ffdf97b6000 	C:\windows\System32\CRYPT32.dll
0x00007ffdf8f50000 - 0x00007ffdf8f77000 	C:\windows\SYSTEM32\ncrypt.dll
0x00007ffdf8f10000 - 0x00007ffdf8f4b000 	C:\windows\SYSTEM32\NTASN1.dll
0x00007ffdd6b30000 - 0x00007ffdd6b47000 	C:\windows\system32\napinsp.dll
0x00007ffdd6b10000 - 0x00007ffdd6b2b000 	C:\windows\system32\pnrpnsp.dll
0x00007ffdd6af0000 - 0x00007ffdd6b05000 	C:\windows\system32\wshbth.dll
0x00007ffdf4000000 - 0x00007ffdf401d000 	C:\windows\system32\NLAapi.dll
0x00007ffdd6ad0000 - 0x00007ffdd6ae2000 	C:\windows\System32\winrnr.dll

dbghelp: loaded successfully - version: 4.0.5 - missing functions: none
symbol engine: initialized successfully - sym options: 0x614 - pdb path: .;C:\Program Files\Java\jdk-18\bin;C:\windows\SYSTEM32;C:\Program Files\Avast Software\Avast;C:\windows\WinSxS\amd64_microsoft.windows.common-controls_6595b64144ccf1df_6.0.19041.1110_none_60b5254171f9507e;C:\Program Files\Java\jdk-18\bin\server

VM Arguments:
jvm_args: -ea -Dfile.encoding=UTF-8 -XX:+ShowCodeDetailsInExceptionMessages 
java_command: org.testng.remote.RemoteTestNG -serport 64785 -protocol json -d C:\Users\SHABNA\eclipse-workspace\7rmartSupermarket\test-output C:\Users\SHABNA\AppData\Local\Temp\testng-eclipse--805025440\testng-customsuite.xml
java_class_path (initial): C:\Users\SHABNA\eclipse\java-2021-123\eclipse\configuration\org.eclipse.osgi\430\0\.cp\lib\testng-remote.jar;C:\Users\SHABNA\eclipse-workspace\7rmartSupermarket\target\test-classes;C:\Users\SHABNA\eclipse-workspace\7rmartSupermarket\target\classes;C:\Users\SHABNA\.p2\pool\plugins\org.testng_7.4.0.r202105021533.jar;C:\Users\SHABNA\.p2\pool\plugins\com.beust.jcommander_1.78.0.jar;C:\Users\SHABNA\.p2\pool\plugins\org.apache-extras.beanshell.bsh_2.0.0.b6.jar;C:\Users\SHABNA\.p2\pool\plugins\org.yaml.snakeyaml_1.21.0.jar;C:\Users\SHABNA\.p2\pool\plugins\org.webjars.jquery_3.5.1.jar;C:\Users\SHABNA\.m2\repository\junit\junit\3.8.1\junit-3.8.1.jar;C:\Users\SHABNA\.m2\repository\org\seleniumhq\selenium\selenium-java\4.1.2\selenium-java-4.1.2.jar;C:\Users\SHABNA\.m2\repository\org\seleniumhq\selenium\selenium-api\4.1.2\selenium-api-4.1.2.jar;C:\Users\SHABNA\.m2\repository\org\seleniumhq\selenium\selenium-chrome-driver\4.1.2\selenium-chrome-driver-4.1.2.jar;C:\Users\SHABNA\.m2\repository\com\google\auto\service\auto-service-annotations\1.0.1\auto-service-annotations-1.0.1.jar;C:\Users\SHABNA\.m2\repository\com\google\auto\service\auto-service\1.0.1\auto-service-1.0.1.jar;C:\Users\SHABNA\.m2\repository\com\google\auto\auto-common\1.2\auto-common-1.2.jar;C:\Users\SHABNA\.m2\repository\com\google\guava\guava\31.0.1-jre\guava-31.0.1-jre.jar;C:\Users\SHABNA\.m2\repository\com\google\guava\failureaccess\1.0.1\failureaccess-1.0.1.jar;C:\Users\SHABNA\.m2\repository\com\google\guava\listenablefuture\9999.0-empty-to-avoid-conflict-with-guava\listenablefuture-9999.0-empty-to-avoid-conflict-with-guava.jar;C:\Users\SHABNA\.m2\repository\org\checkerframework\checker-qual\3.12.0\checker-qual-3.12.0.jar;C:\Users\SHABNA\.m2\repository\com\google\errorprone\error_prone_annotations\2.7.1\error_prone_annotations-2.7.1.jar;C:\Users\SHABNA\.m2\repository\com\google\j2objc\j2objc-annotations\1.3\j2objc-annotations-1.3.jar;C:\Users\SHABNA\.m2\repository\org\seleniumhq\selenium\selenium-chromium-driver\4.1.2\selenium-chromium-driver-4.1.2.jar;C:\Users\SHABNA\.m2\repository\org\seleniumhq\selenium\selenium-json\4.1.2\selenium-json-4.1.2.jar;C:\Users\SHABNA\.m2\repository\org\seleniumhq\selenium\selenium-devtools-v85\4.1.2\selenium-devtools-v85-4.1.2.jar;C:\Users\SHABNA\.m2\repository\org\seleniumhq\selenium\selenium-devtools-v95\4.1.2\selenium-devtools-v95-4.1.2.jar;C:\Users\SHABNA\.m2\repository\org\seleniumhq\selenium\selenium-devtools-v96\4.1.2\selenium-devtools-v96-4.1.2.jar;C:\Users\SHABNA\.m2\repository\org\seleniumhq\selenium\selenium-devtools-v97\4.1.2\selenium-devtools-v97-4.1.2.jar;C:\Users\SHABNA\.m2\repository\org\seleniumhq\selenium\selenium-edge-driver\4.1.2\selenium-edge-driver-4.1.2.jar;C:\Users\SHABNA\.m2\repository\org\seleniumhq\selenium\selenium-firefox-driver\4.1.2\selenium-firefox-driver-4.1.2.jar;C:\Users\SHABNA\.m2\repository\org\seleniumhq\selenium\selenium-firefox-xpi-driver\4.1.2\selenium-firefox-xpi-driver-4.1.2.jar;C:\Users\SHABNA\.m2\repository\org\seleniumhq\selenium\selenium-ie-driver\4.1.2\selenium-ie-driver-4.1.2.jar;C:\Users\SHABNA\.m2\repository\org\seleniumhq\selenium\selenium-opera-driver\4.1.2\selenium-opera-driver-4.1.2.jar;C:\Users\SHABNA\.m2\repository\org\seleniumhq\selenium\selenium-remote-driver\4.1.2\selenium-remote-driver-4.1.2.jar;C:\Users\SHABNA\.m2\repository\io\netty\netty-buffer\4.1.73.Final\netty-buffer-4.1.73.Final.jar;C:\Users\SHABNA\.m2\repository\io\netty\netty-codec-http\4.1.73.Final\netty-codec-http-4.1.73.Final.jar;C:\Users\SHABNA\.m2\repository\io\netty\netty-codec\4.1.73.Final\netty-codec-4.1.73.Final.jar;C:\Users\SHABNA\.m2\repository\io\netty\netty-handler\4.1.73.Final\netty-handler-4.1.73.Final.jar;C:\Users\SHABNA\.m2\repository\io\netty\netty-tcnative-classes\2.0.46.Final\netty-tcnative-classes-2.0.46.Final.jar;C:\Users\SHABNA\.m2\repository\io\netty\netty-common\4.1.73.Final\netty-common-4.1.73.Final.jar;C:\Users\SHABNA\.m2\repository\io\netty\netty-transport-classes-epoll\4.1.73.Final\netty-transport-classes-epoll-4.1.73.Final.jar;C:\Users\SHABNA\.m2\repository\io\netty\netty-transport-classes-kqueue\4.1.73.Final\netty-transport-classes-kqueue-4.1.73.Final.jar;C:\Users\SHABNA\.m2\repository\io\netty\netty-transport-native-epoll\4.1.73.Final\netty-transport-native-epoll-4.1.73.Final.jar;C:\Users\SHABNA\.m2\repository\io\netty\netty-transport-native-kqueue\4.1.73.Final\netty-transport-native-kqueue-4.1.73.Final.jar;C:\Users\SHABNA\.m2\repository\io\netty\netty-transport-native-unix-common\4.1.73.Final\netty-transport-native-unix-common-4.1.73.Final.jar;C:\Users\SHABNA\.m2\repository\io\netty\netty-transport\4.1.73.Final\netty-transport-4.1.73.Final.jar;C:\Users\SHABNA\.m2\repository\io\netty\netty-resolver\4.1.73.Final\netty-resolver-4.1.73.Final.jar;C:\Users\SHABNA\.m2\repository\io\opentelemetry\opentelemetry-api\1.10.1\opentelemetry-api-1.10.1.jar;C:\Users\SHABNA\.m2\repository\io\opentelemetry\opentelemetry-context\1.10.1\opentelemetry-context-1.10.1.jar;C:\Users\SHABNA\.m2\repository\io\opentelemetry\opentelemetry-exporter-logging\1.10.1\opentelemetry-exporter-logging-1.10.1.jar;C:\Users\SHABNA\.m2\repository\io\opentelemetry\opentelemetry-sdk-metrics\1.10.1-alpha\opentelemetry-sdk-metrics-1.10.1-alpha.jar;C:\Users\SHABNA\.m2\repository\io\opentelemetry\opentelemetry-sdk-logs\1.10.1-alpha\opentelemetry-sdk-logs-1.10.1-alpha.jar;C:\Users\SHABNA\.m2\repository\io\opentelemetry\opentelemetry-sdk-common\1.10.1\opentelemetry-sdk-common-1.10.1.jar;C:\Users\SHABNA\.m2\repository\io\opentelemetry\opentelemetry-sdk-extension-autoconfigure-spi\1.10.1\opentelemetry-sdk-extension-autoconfigure-spi-1.10.1.jar;C:\Users\SHABNA\.m2\repository\io\opentelemetry\opentelemetry-sdk-extension-autoconfigure\1.10.1-alpha\opentelemetry-sdk-extension-autoconfigure-1.10.1-alpha.jar;C:\Users\SHABNA\.m2\repository\io\opentelemetry\opentelemetry-sdk-trace\1.10.1\opentelemetry-sdk-trace-1.10.1.jar;C:\Users\SHABNA\.m2\repository\io\opentelemetry\opentelemetry-sdk\1.10.1\opentelemetry-sdk-1.10.1.jar;C:\Users\SHABNA\.m2\repository\io\opentelemetry\opentelemetry-semconv\1.10.1-alpha\opentelemetry-semconv-1.10.1-alpha.jar;C:\Users\SHABNA\.m2\repository\io\ous\jtoml\2.0.0\jtoml-2.0.0.jar;C:\Users\SHABNA\.m2\repository\net\bytebuddy\byte-buddy\1.12.7\byte-buddy-1.12.7.jar;C:\Users\SHABNA\.m2\repository\org\apache\commons\commons-exec\1.3\commons-exec-1.3.jar;C:\Users\SHABNA\.m2\repository\org\asynchttpclient\async-http-client\2.12.3\async-http-client-2.12.3.jar;C:\Users\SHABNA\.m2\repository\org\asynchttpclient\async-http-client-netty-utils\2.12.3\async-http-client-netty-utils-2.12.3.jar;C:\Users\SHABNA\.m2\repository\io\netty\netty-codec-socks\4.1.60.Final\netty-codec-socks-4.1.60.Final.jar;C:\Users\SHABNA\.m2\repository\io\netty\netty-handler-proxy\4.1.60.Final\netty-handler-proxy-4.1.60.Final.jar;C:\Users\SHABNA\.m2\repository\io\netty\netty-transport-native-epoll\4.1.60.Final\netty-transport-native-epoll-4.1.60.Final-linux-x86_64.jar;C:\Users\SHABNA\.m2\repository\io\netty\netty-transport-native-kqueue\4.1.60.Final\netty-transport-native-kqueue-4.1.60.Final-osx-x86_64.jar;C:\Users\SHABNA\.m2\repository\org\reactivestreams\reactive-streams\1.0.3\reactive-streams-1.0.3.jar;C:\Users\SHABNA\.m2\repository\com\typesafe\netty\netty-reactive-streams\2.0.4\netty-reactive-streams-2.0.4.jar;C:\Users\SHABNA\.m2\repository\com\sun\activation\jakarta.activation\1.2.2\jakarta.activation-1.2.2.jar;C:\Users\SHABNA\.m2\repository\org\seleniumhq\selenium\selenium-http\4.1.2\selenium-http-4.1.2.jar;C:\Users\SHABNA\.m2\repository\net\jodah\failsafe\2.4.4\failsafe-2.4.4.jar;C:\Users\SHABNA\.m2\repository\org\seleniumhq\selenium\selenium-safari-driver\4.1.2\selenium-safari-driver-4.1.2.jar;C:\Users\SHABNA\.m2\repository\org\seleniumhq\selenium\selenium-support\4.1.2\selenium-support-4.1.2.jar;C:\Users\SHABNA\.m2\repository\org\testng\testng\7.5\testng-7.5.jar;C:\Users\SHABNA\.m2\repository\com\google\code\findbugs\jsr305\3.0.1\jsr305-3.0.1.jar;C:\Users\SHABNA\.m2\repository\org\slf4j\slf4j-api\1.7.32\slf4j-api-1.7.32.jar;C:\Users\SHABNA\.m2\repository\com\beust\jcommander\1.78\jcommander-1.78.jar;C:\Users\SHABNA\.m2\repository\org\webjars\jquery\3.5.1\jquery-3.5.1.jar;C:\Users\SHABNA\.m2\repository\commons-io\commons-io\2.11.0\commons-io-2.11.0.jar
Launcher Type: SUN_STANDARD

[Global flags]
     intx CICompilerCount                          = 3                                         {product} {ergonomic}
     uint ConcGCThreads                            = 1                                         {product} {ergonomic}
     uint G1ConcRefinementThreads                  = 4                                         {product} {ergonomic}
   size_t G1HeapRegionSize                         = 1048576                                   {product} {ergonomic}
    uintx GCDrainStackTargetSize                   = 64                                        {product} {ergonomic}
   size_t InitialHeapSize                          = 58720256                                  {product} {ergonomic}
   size_t MarkStackSize                            = 4194304                                   {product} {ergonomic}
   size_t MaxHeapSize                              = 908066816                                 {product} {ergonomic}
   size_t MaxNewSize                               = 544210944                                 {product} {ergonomic}
   size_t MinHeapDeltaBytes                        = 1048576                                   {product} {ergonomic}
   size_t MinHeapSize                              = 8388608                                   {product} {ergonomic}
    uintx NonNMethodCodeHeapSize                   = 5832780                                {pd product} {ergonomic}
    uintx NonProfiledCodeHeapSize                  = 122912730                              {pd product} {ergonomic}
     bool PerfDisableSharedMem                     = true                                      {product} {ergonomic}
    uintx ProfiledCodeHeapSize                     = 122912730                              {pd product} {ergonomic}
    uintx ReservedCodeCacheSize                    = 251658240                              {pd product} {ergonomic}
     bool SegmentedCodeCache                       = true                                      {product} {ergonomic}
     bool ShowCodeDetailsInExceptionMessages       = true                                   {manageable} {command line}
   size_t SoftMaxHeapSize                          = 908066816                              {manageable} {ergonomic}
     bool UseCompressedClassPointers               = true                           {product lp64_product} {ergonomic}
     bool UseCompressedOops                        = true                           {product lp64_product} {ergonomic}
     bool UseG1GC                                  = true                                      {product} {ergonomic}
     bool UseLargePagesIndividualAllocation        = false                                  {pd product} {ergonomic}

Logging:
Log output configuration:
 #0: stdout all=warning uptime,level,tags foldmultilines=false
 #1: stderr all=off uptime,level,tags foldmultilines=false

Environment Variables:
JAVA_HOME=C:\Program Files\Java\jdk1.8.0_201
PATH=C:\Program Files\Common Files\Oracle\Java\javapath;C:\Program Files\Java\jdk1.8.0_162\bin;E:\apache-tomcat-8.5.50\bin;C:\apache-maven-3.6.3\bin;C:\ProgramData\chocolatey\bin;C:\Program Files\Git\cmd;"C:\Program Files\Java\jre1.8.0_321\bin;";
USERNAME=SHABNA
OS=Windows_NT
PROCESSOR_IDENTIFIER=AMD64 Family 23 Model 24 Stepping 1, AuthenticAMD



---------------  S Y S T E M  ---------------

OS:
 Windows 10 , 64 bit Build 19041 (10.0.19041.1566)
OS uptime: 25 days 11:02 hours

CPU: total 4 (initial active 4) (4 cores per cpu, 2 threads per core) family 23 model 24 stepping 1 microcode 0x0, cx8, cmov, fxsr, ht, mmx, 3dnowpref, sse, sse2, sse3, ssse3, sse4a, sse4.1, sse4.2, popcnt, lzcnt, tsc, tscinvbit, avx, avx2, aes, clmul, bmi1, bmi2, adx, sha, fma, vzeroupper, clflush, clflushopt

Memory: 4k page, system-wide physical 3463M (93M free)
TotalPageFile size 14215M (AvailPageFile size 0M)
current process WorkingSet (physical memory assigned to process): 136M, peak: 136M
current process commit charge ("private bytes"): 178M, peak: 196M

vm_info: Java HotSpot(TM) 64-Bit Server VM (18+36-2087) for windows-amd64 JRE (18+36-2087), built on Feb 15 2022 09:43:11 by "mach5one" with MS VC++ 16.8 / 16.9 (VS2019)

END.
