#
# There is insufficient memory for the Java Runtime Environment to continue.
# Native memory allocation (malloc) failed to allocate 348176 bytes for Chunk::new
# Possible reasons:
#   The system is out of physical RAM or swap space
#   The process is running with CompressedOops enabled, and the Java Heap may be blocking the growth of the native heap
# Possible solutions:
#   Reduce memory load on the system
#   Increase physical memory or swap space
#   Check if swap backing store is full
#   Decrease Java heap size (-Xmx/-Xms)
#   Decrease number of Java threads
#   Decrease Java thread stack sizes (-Xss)
#   Set larger code cache with -XX:ReservedCodeCacheSize=
#   JVM is running with Unscaled Compressed Oops mode in which the Java heap is
#     placed in the first 4GB address space. The Java Heap base address is the
#     maximum limit for the native heap growth. Please use -XX:HeapBaseMinAddress
#     to set the Java Heap base and to place the Java Heap above 4GB virtual address.
# This output file may be truncated or incomplete.
#
#  Out of Memory Error (arena.cpp:184), pid=20328, tid=11244
#
# JRE version: Java(TM) SE Runtime Environment (18.0+36) (build 18+36-2087)
# Java VM: Java HotSpot(TM) 64-Bit Server VM (18+36-2087, mixed mode, sharing, tiered, compressed oops, compressed class ptrs, g1 gc, windows-amd64)
# No core dump will be written. Minidumps are not enabled by default on client versions of Windows
#

---------------  S U M M A R Y ------------

Command Line: -ea -Dfile.encoding=UTF-8 -XX:+ShowCodeDetailsInExceptionMessages org.testng.remote.RemoteTestNG -serport 49551 -protocol json -d C:\Users\SHABNA\eclipse-workspace\7rmartSupermarket\test-output C:\Users\SHABNA\AppData\Local\Temp\testng-eclipse-462848592\testng-customsuite.xml

Host: AMD Ryzen 3 3250U with Radeon Graphics         , 4 cores, 3G,  Windows 10 , 64 bit Build 19041 (10.0.19041.1566)
Time: Wed Apr  6 23:05:55 2022 India Standard Time elapsed time: 9.588661 seconds (0d 0h 0m 9s)

---------------  T H R E A D  ---------------

Current thread (0x0000022c86885a20):  JavaThread "C2 CompilerThread0" daemon [_thread_in_native, id=11244, stack(0x000000e480b00000,0x000000e480c00000)]


Current CompileTask:
C2:   9589 2229       4       java.util.regex.Pattern$CharProperty::match (71 bytes)

Stack: [0x000000e480b00000,0x000000e480c00000]
Native frames: (J=compiled Java code, j=interpreted, Vv=VM code, C=native code)
V  [jvm.dll+0x69804a]
V  [jvm.dll+0x7f308d]
V  [jvm.dll+0x7f499e]
V  [jvm.dll+0x7f5053]
V  [jvm.dll+0x25ca3f]
V  [jvm.dll+0xb8c2f]
V  [jvm.dll+0xb8fa5]
V  [jvm.dll+0x385a31]
V  [jvm.dll+0x34f811]
V  [jvm.dll+0x34ecaa]
V  [jvm.dll+0x22fc21]
V  [jvm.dll+0x22eff1]
V  [jvm.dll+0x1b9cfc]
V  [jvm.dll+0x23e8ca]
V  [jvm.dll+0x23cbac]
V  [jvm.dll+0x7a5781]
V  [jvm.dll+0x79fbba]
V  [jvm.dll+0x696ef5]
C  [ucrtbase.dll+0x21bb2]
C  [KERNEL32.DLL+0x17034]
C  [ntdll.dll+0x52651]


---------------  P R O C E S S  ---------------

Threads class SMR info:
_java_thread_list=0x0000022ca824f5c0, length=23, elements={
0x0000022c867d1fe0, 0x0000022c86869410, 0x0000022c8686ad10, 0x0000022c86880a90,
0x0000022c86882440, 0x0000022c86882de0, 0x0000022c868846a0, 0x0000022c86885a20,
0x0000022c8688aca0, 0x0000022ca350f660, 0x0000022ca78571c0, 0x0000022ca78618b0,
0x0000022ca8344a40, 0x0000022ca8343230, 0x0000022ca83458b0, 0x0000022ca8341ef0,
0x0000022ca8343700, 0x0000022ca83423c0, 0x0000022ca8342890, 0x0000022ca8343bd0,
0x0000022ca83440a0, 0x0000022ca8344f10, 0x0000022ca8285310
}

Java Threads: ( => current thread )
  0x0000022c867d1fe0 JavaThread "main" [_thread_blocked, id=27692, stack(0x000000e4ffe00000,0x000000e4fff00000)]
  0x0000022c86869410 JavaThread "Reference Handler" daemon [_thread_blocked, id=20892, stack(0x000000e480500000,0x000000e480600000)]
  0x0000022c8686ad10 JavaThread "Finalizer" daemon [_thread_blocked, id=2604, stack(0x000000e480600000,0x000000e480700000)]
  0x0000022c86880a90 JavaThread "Signal Dispatcher" daemon [_thread_blocked, id=6036, stack(0x000000e480700000,0x000000e480800000)]
  0x0000022c86882440 JavaThread "Attach Listener" daemon [_thread_blocked, id=21228, stack(0x000000e480800000,0x000000e480900000)]
  0x0000022c86882de0 JavaThread "Service Thread" daemon [_thread_blocked, id=25456, stack(0x000000e480900000,0x000000e480a00000)]
  0x0000022c868846a0 JavaThread "Monitor Deflation Thread" daemon [_thread_blocked, id=14744, stack(0x000000e480a00000,0x000000e480b00000)]
=>0x0000022c86885a20 JavaThread "C2 CompilerThread0" daemon [_thread_in_native, id=11244, stack(0x000000e480b00000,0x000000e480c00000)]
  0x0000022c8688aca0 JavaThread "C1 CompilerThread0" daemon [_thread_blocked, id=16708, stack(0x000000e480c00000,0x000000e480d00000)]
  0x0000022ca350f660 JavaThread "Sweeper thread" daemon [_thread_blocked, id=12904, stack(0x000000e480d00000,0x000000e480e00000)]
  0x0000022ca78571c0 JavaThread "Notification Thread" daemon [_thread_blocked, id=16984, stack(0x000000e480e00000,0x000000e480f00000)]
  0x0000022ca78618b0 JavaThread "Common-Cleaner" daemon [_thread_blocked, id=8660, stack(0x000000e481000000,0x000000e481100000)]
  0x0000022ca8344a40 JavaThread "ForkJoinPool.commonPool-worker-1" daemon [_thread_blocked, id=10184, stack(0x000000e481600000,0x000000e481700000)]
  0x0000022ca8343230 JavaThread "AsyncHttpClient-1-1" daemon [_thread_blocked, id=11572, stack(0x000000e481700000,0x000000e481800000)]
  0x0000022ca83458b0 JavaThread "Exec Default Executor" daemon [_thread_in_native, id=20496, stack(0x000000e481800000,0x000000e481900000)]
  0x0000022ca8341ef0 JavaThread "Driver Service Executor" daemon [_thread_blocked, id=4084, stack(0x000000e481900000,0x000000e481a00000)]
  0x0000022ca8343700 JavaThread "Driver Service Executor" daemon [_thread_blocked, id=6776, stack(0x000000e481a00000,0x000000e481b00000)]
  0x0000022ca83423c0 JavaThread "UrlChecker-2" daemon [_thread_blocked, id=24080, stack(0x000000e481b00000,0x000000e481c00000)]
  0x0000022ca8342890 JavaThread "Exec Stream Pumper" daemon [_thread_in_native, id=12968, stack(0x000000e481c00000,0x000000e481d00000)]
  0x0000022ca8343bd0 JavaThread "Exec Stream Pumper" daemon [_thread_in_native, id=15404, stack(0x000000e481d00000,0x000000e481e00000)]
  0x0000022ca83440a0 JavaThread "AsyncHttpClient-1-2" daemon [_thread_in_native, id=28220, stack(0x000000e481f00000,0x000000e482000000)]
  0x0000022ca8344f10 JavaThread "AsyncHttpClient-1-3" daemon [_thread_in_native, id=9952, stack(0x000000e482000000,0x000000e482100000)]
  0x0000022ca8285310 JavaThread "AsyncHttpClient-1-4" daemon [_thread_in_native, id=28576, stack(0x000000e482100000,0x000000e482200000)]

Other Threads:
  0x0000022c86865460 VMThread "VM Thread" [stack: 0x000000e480400000,0x000000e480500000] [id=8060]
  0x0000022ca785dab0 WatcherThread "VM Periodic Task Thread" [stack: 0x000000e480f00000,0x000000e481000000] [id=11976]
  0x0000022c8680fd80 WorkerThread "GC Thread#0" [stack: 0x000000e4fff00000,0x000000e500000000] [id=19656]
  0x0000022ca833fbf0 WorkerThread "GC Thread#1" [stack: 0x000000e481200000,0x000000e481300000] [id=8336]
  0x0000022ca7ec0680 WorkerThread "GC Thread#2" [stack: 0x000000e481300000,0x000000e481400000] [id=25064]
  0x0000022ca7f347e0 WorkerThread "GC Thread#3" [stack: 0x000000e481400000,0x000000e481500000] [id=484]
  0x0000022c868178f0 ConcurrentGCThread "G1 Main Marker" [stack: 0x000000e480000000,0x000000e480100000] [id=1676]
  0x0000022c868192f0 WorkerThread "G1 Conc#0" [stack: 0x000000e480100000,0x000000e480200000] [id=13768]
  0x0000022c86844000 ConcurrentGCThread "G1 Refine#0" [stack: 0x000000e480200000,0x000000e480300000] [id=25872]
  0x0000022ca7f34a80 ConcurrentGCThread "G1 Refine#1" [stack: 0x000000e481500000,0x000000e481600000] [id=17336]
  0x0000022c868450b0 ConcurrentGCThread "G1 Service" [stack: 0x000000e480300000,0x000000e480400000] [id=27884]

Threads with active compile tasks:
C2 CompilerThread0     9673 2229       4       java.util.regex.Pattern$CharProperty::match (71 bytes)

VM state: not at safepoint (normal execution)

VM Mutex/Monitor currently owned by a thread: None

Heap address: 0x00000000c9e00000, size: 866 MB, Compressed Oops mode: 32-bit

CDS archive(s) mapped at: [0x0000000800000000-0x0000000800ba0000-0x0000000800ba0000), size 12189696, SharedBaseAddress: 0x0000000800000000, ArchiveRelocationMode: 0.
Compressed class space mapped at: 0x0000000800c00000-0x0000000840c00000, reserved size: 1073741824
Narrow klass base: 0x0000000800000000, Narrow klass shift: 0, Narrow klass range: 0x100000000

GC Precious Log:
 CardTable entry size: 512
 Card Set container configuration: InlinePtr #cards 5 size 8 Array Of Cards #cards 12 size 40 Howl #buckets 4 coarsen threshold 1843 Howl Bitmap #cards 512 size 80 coarsen threshold 460 Card regions per heap region 1 cards per card region 2048
 CPUs: 4 total, 4 available
 Memory: 3463M
 Large Page Support: Disabled
 NUMA Support: Disabled
 Compressed Oops: Enabled (32-bit)
 Heap Region Size: 1M
 Heap Min Capacity: 8M
 Heap Initial Capacity: 56M
 Heap Max Capacity: 866M
 Pre-touch: Disabled
 Parallel Workers: 4
 Concurrent Workers: 1
 Concurrent Refinement Workers: 4
 Periodic GC: Disabled

Heap:
 garbage-first heap   total 57344K, used 32601K [0x00000000c9e00000, 0x0000000100000000)
  region size 1024K, 8 young (8192K), 2 survivors (2048K)
 Metaspace       used 21838K, committed 22144K, reserved 1114112K
  class space    used 2666K, committed 2816K, reserved 1048576K

Heap Regions: E=young(eden), S=young(survivor), O=old, HS=humongous(starts), HC=humongous(continues), CS=collection set, F=free, OA=open archive, CA=closed archive, TAMS=top-at-mark-start (previous, next)
|   0|0x00000000c9e00000, 0x00000000c9f00000, 0x00000000c9f00000|100%| O|  |TAMS 0x00000000c9f00000, 0x00000000c9e00000| Untracked 
|   1|0x00000000c9f00000, 0x00000000ca000000, 0x00000000ca000000|100%| O|  |TAMS 0x00000000ca000000, 0x00000000c9f00000| Untracked 
|   2|0x00000000ca000000, 0x00000000ca100000, 0x00000000ca100000|100%| O|  |TAMS 0x00000000ca100000, 0x00000000ca000000| Untracked 
|   3|0x00000000ca100000, 0x00000000ca200000, 0x00000000ca200000|100%| O|  |TAMS 0x00000000ca200000, 0x00000000ca100000| Untracked 
|   4|0x00000000ca200000, 0x00000000ca300000, 0x00000000ca300000|100%| O|  |TAMS 0x00000000ca2e8c00, 0x00000000ca200000| Complete 
|   5|0x00000000ca300000, 0x00000000ca400000, 0x00000000ca400000|100%|HS|  |TAMS 0x00000000ca400000, 0x00000000ca300000| Complete 
|   6|0x00000000ca400000, 0x00000000ca500000, 0x00000000ca500000|100%|HC|  |TAMS 0x00000000ca500000, 0x00000000ca400000| Complete 
|   7|0x00000000ca500000, 0x00000000ca600000, 0x00000000ca600000|100%|HC|  |TAMS 0x00000000ca600000, 0x00000000ca500000| Complete 
|   8|0x00000000ca600000, 0x00000000ca700000, 0x00000000ca700000|100%|HC|  |TAMS 0x00000000ca700000, 0x00000000ca600000| Complete 
|   9|0x00000000ca700000, 0x00000000ca800000, 0x00000000ca800000|100%|HC|  |TAMS 0x00000000ca800000, 0x00000000ca700000| Complete 
|  10|0x00000000ca800000, 0x00000000ca900000, 0x00000000ca900000|100%|HC|  |TAMS 0x00000000ca900000, 0x00000000ca800000| Complete 
|  11|0x00000000ca900000, 0x00000000caa00000, 0x00000000caa00000|100%|HC|  |TAMS 0x00000000caa00000, 0x00000000ca900000| Complete 
|  12|0x00000000caa00000, 0x00000000cab00000, 0x00000000cab00000|100%|HC|  |TAMS 0x00000000cab00000, 0x00000000caa00000| Complete 
|  13|0x00000000cab00000, 0x00000000cac00000, 0x00000000cac00000|100%|HC|  |TAMS 0x00000000cac00000, 0x00000000cab00000| Complete 
|  14|0x00000000cac00000, 0x00000000cad00000, 0x00000000cad00000|100%|HC|  |TAMS 0x00000000cad00000, 0x00000000cac00000| Complete 
|  15|0x00000000cad00000, 0x00000000cae00000, 0x00000000cae00000|100%|HC|  |TAMS 0x00000000cae00000, 0x00000000cad00000| Complete 
|  16|0x00000000cae00000, 0x00000000caf00000, 0x00000000caf00000|100%|HC|  |TAMS 0x00000000caf00000, 0x00000000cae00000| Complete 
|  17|0x00000000caf00000, 0x00000000cb000000, 0x00000000cb000000|100%|HC|  |TAMS 0x00000000cb000000, 0x00000000caf00000| Complete 
|  18|0x00000000cb000000, 0x00000000cb100000, 0x00000000cb100000|100%|HC|  |TAMS 0x00000000cb100000, 0x00000000cb000000| Complete 
|  19|0x00000000cb100000, 0x00000000cb200000, 0x00000000cb200000|100%|HC|  |TAMS 0x00000000cb200000, 0x00000000cb100000| Complete 
|  20|0x00000000cb200000, 0x00000000cb300000, 0x00000000cb300000|100%|HC|  |TAMS 0x00000000cb300000, 0x00000000cb200000| Complete 
|  21|0x00000000cb300000, 0x00000000cb400000, 0x00000000cb400000|100%|HC|  |TAMS 0x00000000cb400000, 0x00000000cb300000| Complete 
|  22|0x00000000cb400000, 0x00000000cb500000, 0x00000000cb500000|100%| O|  |TAMS 0x00000000cb400000, 0x00000000cb400000| Untracked 
|  23|0x00000000cb500000, 0x00000000cb600000, 0x00000000cb600000|100%| O|  |TAMS 0x00000000cb500000, 0x00000000cb500000| Untracked 
|  24|0x00000000cb600000, 0x00000000cb6fc600, 0x00000000cb700000| 98%| O|  |TAMS 0x00000000cb600000, 0x00000000cb600000| Untracked 
|  25|0x00000000cb700000, 0x00000000cb700000, 0x00000000cb800000|  0%| F|  |TAMS 0x00000000cb700000, 0x00000000cb700000| Untracked 
|  26|0x00000000cb800000, 0x00000000cb800000, 0x00000000cb900000|  0%| F|  |TAMS 0x00000000cb800000, 0x00000000cb800000| Untracked 
|  27|0x00000000cb900000, 0x00000000cb900000, 0x00000000cba00000|  0%| F|  |TAMS 0x00000000cb900000, 0x00000000cb900000| Untracked 
|  28|0x00000000cba00000, 0x00000000cba00000, 0x00000000cbb00000|  0%| F|  |TAMS 0x00000000cba00000, 0x00000000cba00000| Untracked 
|  29|0x00000000cbb00000, 0x00000000cbb00000, 0x00000000cbc00000|  0%| F|  |TAMS 0x00000000cbb00000, 0x00000000cbb00000| Untracked 
|  30|0x00000000cbc00000, 0x00000000cbc00000, 0x00000000cbd00000|  0%| F|  |TAMS 0x00000000cbc00000, 0x00000000cbc00000| Untracked 
|  31|0x00000000cbd00000, 0x00000000cbd00000, 0x00000000cbe00000|  0%| F|  |TAMS 0x00000000cbd00000, 0x00000000cbd00000| Untracked 
|  32|0x00000000cbe00000, 0x00000000cbe00000, 0x00000000cbf00000|  0%| F|  |TAMS 0x00000000cbe00000, 0x00000000cbe00000| Untracked 
|  33|0x00000000cbf00000, 0x00000000cbf00000, 0x00000000cc000000|  0%| F|  |TAMS 0x00000000cbf00000, 0x00000000cbf00000| Untracked 
|  34|0x00000000cc000000, 0x00000000cc000000, 0x00000000cc100000|  0%| F|  |TAMS 0x00000000cc000000, 0x00000000cc000000| Untracked 
|  35|0x00000000cc100000, 0x00000000cc100000, 0x00000000cc200000|  0%| F|  |TAMS 0x00000000cc100000, 0x00000000cc100000| Untracked 
|  36|0x00000000cc200000, 0x00000000cc2d9e00, 0x00000000cc300000| 85%| S|CS|TAMS 0x00000000cc200000, 0x00000000cc200000| Complete 
|  37|0x00000000cc300000, 0x00000000cc400000, 0x00000000cc400000|100%| S|CS|TAMS 0x00000000cc300000, 0x00000000cc300000| Complete 
|  38|0x00000000cc400000, 0x00000000cc400000, 0x00000000cc500000|  0%| F|  |TAMS 0x00000000cc400000, 0x00000000cc400000| Untracked 
|  39|0x00000000cc500000, 0x00000000cc500000, 0x00000000cc600000|  0%| F|  |TAMS 0x00000000cc500000, 0x00000000cc500000| Untracked 
|  40|0x00000000cc600000, 0x00000000cc600000, 0x00000000cc700000|  0%| F|  |TAMS 0x00000000cc600000, 0x00000000cc600000| Untracked 
|  41|0x00000000cc700000, 0x00000000cc700000, 0x00000000cc800000|  0%| F|  |TAMS 0x00000000cc700000, 0x00000000cc700000| Untracked 
|  42|0x00000000cc800000, 0x00000000cc800000, 0x00000000cc900000|  0%| F|  |TAMS 0x00000000cc800000, 0x00000000cc800000| Untracked 
|  43|0x00000000cc900000, 0x00000000cc900000, 0x00000000cca00000|  0%| F|  |TAMS 0x00000000cc900000, 0x00000000cc900000| Untracked 
|  44|0x00000000cca00000, 0x00000000cca00000, 0x00000000ccb00000|  0%| F|  |TAMS 0x00000000cca00000, 0x00000000cca00000| Untracked 
|  45|0x00000000ccb00000, 0x00000000ccb00000, 0x00000000ccc00000|  0%| F|  |TAMS 0x00000000ccb00000, 0x00000000ccb00000| Untracked 
|  46|0x00000000ccc00000, 0x00000000ccc00000, 0x00000000ccd00000|  0%| F|  |TAMS 0x00000000ccc00000, 0x00000000ccc00000| Untracked 
|  47|0x00000000ccd00000, 0x00000000ccd00000, 0x00000000cce00000|  0%| F|  |TAMS 0x00000000ccd00000, 0x00000000ccd00000| Untracked 
|  48|0x00000000cce00000, 0x00000000cce00000, 0x00000000ccf00000|  0%| F|  |TAMS 0x00000000cce00000, 0x00000000cce00000| Untracked 
|  49|0x00000000ccf00000, 0x00000000ccf00000, 0x00000000cd000000|  0%| F|  |TAMS 0x00000000ccf00000, 0x00000000ccf00000| Untracked 
|  50|0x00000000cd000000, 0x00000000cd000800, 0x00000000cd100000|  0%| E|  |TAMS 0x00000000cd000000, 0x00000000cd000000| Complete 
|  51|0x00000000cd100000, 0x00000000cd200000, 0x00000000cd200000|100%| E|CS|TAMS 0x00000000cd100000, 0x00000000cd100000| Complete 
|  52|0x00000000cd200000, 0x00000000cd300000, 0x00000000cd300000|100%| E|CS|TAMS 0x00000000cd200000, 0x00000000cd200000| Complete 
|  53|0x00000000cd300000, 0x00000000cd400000, 0x00000000cd400000|100%| E|CS|TAMS 0x00000000cd300000, 0x00000000cd300000| Complete 
|  54|0x00000000cd400000, 0x00000000cd500000, 0x00000000cd500000|100%| E|CS|TAMS 0x00000000cd400000, 0x00000000cd400000| Complete 
|  55|0x00000000cd500000, 0x00000000cd600000, 0x00000000cd600000|100%| E|CS|TAMS 0x00000000cd500000, 0x00000000cd500000| Complete 

Card table byte_map: [0x0000022c9f0a0000,0x0000022c9f260000] _byte_map_base: 0x0000022c9ea51000

Marking Bits (Prev, Next): (CMBitMap*) 0x0000022c868103c0, (CMBitMap*) 0x0000022c86810380
 Prev Bits: [0x0000022ca01b0000, 0x0000022ca0f38000)
 Next Bits: [0x0000022c9f420000, 0x0000022ca01a8000)

Polling page: 0x0000022c86600000

Metaspace:

Usage:
  Non-class:     18.72 MB used.
      Class:      2.60 MB used.
       Both:     21.33 MB used.

Virtual space:
  Non-class space:       64.00 MB reserved,      18.88 MB ( 29%) committed,  1 nodes.
      Class space:        1.00 GB reserved,       2.75 MB ( <1%) committed,  1 nodes.
             Both:        1.06 GB reserved,      21.62 MB (  2%) committed. 

Chunk freelists:
   Non-Class:  304.00 KB
       Class:  1.23 MB
        Both:  1.53 MB

MaxMetaspaceSize: unlimited
CompressedClassSpaceSize: 1.00 GB
Initial GC threshold: 21.00 MB
Current GC threshold: 35.25 MB
CDS: on
MetaspaceReclaimPolicy: balanced
 - commit_granule_bytes: 65536.
 - commit_granule_words: 8192.
 - virtual_space_node_default_size: 8388608.
 - enlarge_chunks_in_place: 1.
 - new_chunks_are_fully_committed: 0.
 - uncommit_free_chunks: 1.
 - use_allocation_guard: 0.


Internal statistics:

num_allocs_failed_limit: 3.
num_arena_births: 244.
num_arena_deaths: 0.
num_vsnodes_births: 2.
num_vsnodes_deaths: 0.
num_space_committed: 346.
num_space_uncommitted: 0.
num_chunks_returned_to_freelist: 3.
num_chunks_taken_from_freelist: 804.
num_chunk_merges: 0.
num_chunk_splits: 544.
num_chunks_enlarged: 429.
num_inconsistent_stats: 0.

CodeHeap 'non-profiled nmethods': size=120000Kb used=808Kb max_used=808Kb free=119191Kb
 bounds [0x0000022c97370000, 0x0000022c975e0000, 0x0000022c9e8a0000]
CodeHeap 'profiled nmethods': size=120000Kb used=4357Kb max_used=4357Kb free=115642Kb
 bounds [0x0000022c8fe40000, 0x0000022c90290000, 0x0000022c97370000]
CodeHeap 'non-nmethods': size=5760Kb used=1293Kb max_used=1310Kb free=4466Kb
 bounds [0x0000022c8f8a0000, 0x0000022c8fb10000, 0x0000022c8fe40000]
 total_blobs=2836 nmethods=2238 adapters=510
 compilation: enabled
              stopped_count=0, restarted_count=0
 full_count=0

Compilation events (20 events):
Event: 9.561 Thread 0x0000022c86885a20 nmethod 2226 0x0000022c97439d10 code [0x0000022c97439e80, 0x0000022c97439f18]
Event: 9.561 Thread 0x0000022c8688aca0 2227       3       java.util.concurrent.ConcurrentHashMap$EntryIterator::next (5 bytes)
Event: 9.561 Thread 0x0000022c86885a20 2229       4       java.util.regex.Pattern$CharProperty::match (71 bytes)
Event: 9.561 Thread 0x0000022c8688aca0 nmethod 2227 0x0000022c90277d90 code [0x0000022c90277f20, 0x0000022c90278068]
Event: 9.562 Thread 0x0000022c8688aca0 2228       3       java.util.concurrent.ConcurrentHashMap$EntryIterator::next (51 bytes)
Event: 9.562 Thread 0x0000022c8688aca0 nmethod 2228 0x0000022c90278110 code [0x0000022c902782e0, 0x0000022c902787f8]
Event: 9.562 Thread 0x0000022c8688aca0 2230       3       java.lang.invoke.Invokers::callSiteForm (308 bytes)
Event: 9.565 Thread 0x0000022c8688aca0 nmethod 2230 0x0000022c90278990 code [0x0000022c90278cc0, 0x0000022c9027a388]
Event: 9.573 Thread 0x0000022c8688aca0 2233       3       java.util.regex.Pattern$TreeInfo::reset (21 bytes)
Event: 9.574 Thread 0x0000022c8688aca0 nmethod 2233 0x0000022c9027ac90 code [0x0000022c9027ae20, 0x0000022c9027af38]
Event: 9.575 Thread 0x0000022c8688aca0 2234       3       java.util.Formatter::ensureOpen (16 bytes)
Event: 9.575 Thread 0x0000022c8688aca0 nmethod 2234 0x0000022c9027b010 code [0x0000022c9027b1c0, 0x0000022c9027b388]
Event: 9.575 Thread 0x0000022c8688aca0 2235       3       java.util.regex.Pattern::read (33 bytes)
Event: 9.576 Thread 0x0000022c8688aca0 nmethod 2235 0x0000022c9027b490 code [0x0000022c9027b640, 0x0000022c9027b8a8]
Event: 9.576 Thread 0x0000022c8688aca0 2237       3       java.util.concurrent.ConcurrentHashMap::<init> (73 bytes)
Event: 9.577 Thread 0x0000022c8688aca0 nmethod 2237 0x0000022c9027ba10 code [0x0000022c9027bc20, 0x0000022c9027c198]
Event: 9.577 Thread 0x0000022c8688aca0 2238       3       java.util.regex.Pattern::sequence (647 bytes)
Event: 9.582 Thread 0x0000022c8688aca0 nmethod 2238 0x0000022c9027c310 code [0x0000022c9027c920, 0x0000022c9027fb18]
Event: 9.582 Thread 0x0000022c8688aca0 2236       3       java.util.concurrent.ConcurrentHashMap::<init> (9 bytes)
Event: 9.583 Thread 0x0000022c8688aca0 nmethod 2236 0x0000022c90280990 code [0x0000022c90280b60, 0x0000022c90280ca8]

GC Heap History (8 events):
Event: 2.099 GC heap before
{Heap before GC invocations=0 (full 0):
 garbage-first heap   total 57344K, used 13312K [0x00000000c9e00000, 0x0000000100000000)
  region size 1024K, 13 young (13312K), 0 survivors (0K)
 Metaspace       used 5534K, committed 5696K, reserved 1114112K
  class space    used 578K, committed 640K, reserved 1048576K
}
Event: 2.108 GC heap after
{Heap after GC invocations=1 (full 0):
 garbage-first heap   total 57344K, used 3979K [0x00000000c9e00000, 0x0000000100000000)
  region size 1024K, 2 young (2048K), 2 survivors (2048K)
 Metaspace       used 5534K, committed 5696K, reserved 1114112K
  class space    used 578K, committed 640K, reserved 1048576K
}
Event: 2.908 GC heap before
{Heap before GC invocations=1 (full 0):
 garbage-first heap   total 57344K, used 15243K [0x00000000c9e00000, 0x0000000100000000)
  region size 1024K, 13 young (13312K), 2 survivors (2048K)
 Metaspace       used 8726K, committed 8960K, reserved 1114112K
  class space    used 1003K, committed 1152K, reserved 1048576K
}
Event: 2.914 GC heap after
{Heap after GC invocations=2 (full 0):
 garbage-first heap   total 57344K, used 5179K [0x00000000c9e00000, 0x0000000100000000)
  region size 1024K, 2 young (2048K), 2 survivors (2048K)
 Metaspace       used 8726K, committed 8960K, reserved 1114112K
  class space    used 1003K, committed 1152K, reserved 1048576K
}
Event: 3.951 GC heap before
{Heap before GC invocations=2 (full 0):
 garbage-first heap   total 57344K, used 23611K [0x00000000c9e00000, 0x0000000100000000)
  region size 1024K, 21 young (21504K), 2 survivors (2048K)
 Metaspace       used 16049K, committed 16320K, reserved 1114112K
  class space    used 1867K, committed 1984K, reserved 1048576K
}
Event: 3.961 GC heap after
{Heap after GC invocations=3 (full 0):
 garbage-first heap   total 57344K, used 8099K [0x00000000c9e00000, 0x0000000100000000)
  region size 1024K, 3 young (3072K), 3 survivors (3072K)
 Metaspace       used 16049K, committed 16320K, reserved 1114112K
  class space    used 1867K, committed 1984K, reserved 1048576K
}
Event: 9.083 GC heap before
{Heap before GC invocations=3 (full 0):
 garbage-first heap   total 57344K, used 41891K [0x00000000c9e00000, 0x0000000100000000)
  region size 1024K, 21 young (21504K), 3 survivors (3072K)
 Metaspace       used 21219K, committed 21504K, reserved 1114112K
  class space    used 2588K, committed 2752K, reserved 1048576K
}
Event: 9.096 GC heap after
{Heap after GC invocations=4 (full 0):
 garbage-first heap   total 57344K, used 27481K [0x00000000c9e00000, 0x0000000100000000)
  region size 1024K, 2 young (2048K), 2 survivors (2048K)
 Metaspace       used 21219K, committed 21504K, reserved 1114112K
  class space    used 2588K, committed 2752K, reserved 1048576K
}

Deoptimization events (20 events):
Event: 9.487 Thread 0x0000022c867d1fe0 Uncommon trap: trap_request=0xffffff45 fr.pc=0x0000022c97432efc relative=0x00000000000002fc
Event: 9.487 Thread 0x0000022c867d1fe0 Uncommon trap: reason=unstable_if action=reinterpret pc=0x0000022c97432efc method=java.util.regex.Pattern.lambda$negate$7(Ljava/util/regex/Pattern$CharPredicate;I)Z @ 7 c2
Event: 9.487 Thread 0x0000022c867d1fe0 DEOPT PACKING pc=0x0000022c97432efc sp=0x000000e4ffeff1a0
Event: 9.487 Thread 0x0000022c867d1fe0 DEOPT UNPACKING pc=0x0000022c8f8f23a3 sp=0x000000e4ffefefa0 mode 2
Event: 9.545 Thread 0x0000022c867d1fe0 Uncommon trap: trap_request=0xffffffc6 fr.pc=0x0000022c97435764 relative=0x0000000000000444
Event: 9.545 Thread 0x0000022c867d1fe0 Uncommon trap: reason=bimorphic_or_optimized_type_check action=maybe_recompile pc=0x0000022c97435764 method=java.util.regex.Pattern.lambda$negate$7(Ljava/util/regex/Pattern$CharPredicate;I)Z @ 2 c2
Event: 9.545 Thread 0x0000022c867d1fe0 DEOPT PACKING pc=0x0000022c97435764 sp=0x000000e4ffeff0b0
Event: 9.545 Thread 0x0000022c867d1fe0 DEOPT UNPACKING pc=0x0000022c8f8f23a3 sp=0x000000e4ffefefe0 mode 2
Event: 9.545 Thread 0x0000022c867d1fe0 Uncommon trap: trap_request=0xffffffc6 fr.pc=0x0000022c97435764 relative=0x0000000000000444
Event: 9.545 Thread 0x0000022c867d1fe0 Uncommon trap: reason=bimorphic_or_optimized_type_check action=maybe_recompile pc=0x0000022c97435764 method=java.util.regex.Pattern.lambda$negate$7(Ljava/util/regex/Pattern$CharPredicate;I)Z @ 2 c2
Event: 9.545 Thread 0x0000022c867d1fe0 DEOPT PACKING pc=0x0000022c97435764 sp=0x000000e4ffeff0b0
Event: 9.545 Thread 0x0000022c867d1fe0 DEOPT UNPACKING pc=0x0000022c8f8f23a3 sp=0x000000e4ffefefe0 mode 2
Event: 9.545 Thread 0x0000022c867d1fe0 Uncommon trap: trap_request=0xffffffc6 fr.pc=0x0000022c97435764 relative=0x0000000000000444
Event: 9.545 Thread 0x0000022c867d1fe0 Uncommon trap: reason=bimorphic_or_optimized_type_check action=maybe_recompile pc=0x0000022c97435764 method=java.util.regex.Pattern.lambda$negate$7(Ljava/util/regex/Pattern$CharPredicate;I)Z @ 2 c2
Event: 9.545 Thread 0x0000022c867d1fe0 DEOPT PACKING pc=0x0000022c97435764 sp=0x000000e4ffeff0b0
Event: 9.545 Thread 0x0000022c867d1fe0 DEOPT UNPACKING pc=0x0000022c8f8f23a3 sp=0x000000e4ffefefe0 mode 2
Event: 9.545 Thread 0x0000022c867d1fe0 Uncommon trap: trap_request=0xffffffc6 fr.pc=0x0000022c97435764 relative=0x0000000000000444
Event: 9.545 Thread 0x0000022c867d1fe0 Uncommon trap: reason=bimorphic_or_optimized_type_check action=maybe_recompile pc=0x0000022c97435764 method=java.util.regex.Pattern.lambda$negate$7(Ljava/util/regex/Pattern$CharPredicate;I)Z @ 2 c2
Event: 9.545 Thread 0x0000022c867d1fe0 DEOPT PACKING pc=0x0000022c97435764 sp=0x000000e4ffeff0b0
Event: 9.545 Thread 0x0000022c867d1fe0 DEOPT UNPACKING pc=0x0000022c8f8f23a3 sp=0x000000e4ffefefe0 mode 2

Classes loaded (20 events):
Event: 9.193 Loading class jdk/internal/math/FDBigInteger
Event: 9.194 Loading class jdk/internal/math/FDBigInteger done
Event: 9.201 Loading class java/text/FieldPosition$Delegate
Event: 9.202 Loading class java/text/FieldPosition$Delegate done
Event: 9.207 Loading class java/text/StringCharacterIterator
Event: 9.207 Loading class java/text/CharacterIterator
Event: 9.208 Loading class java/text/CharacterIterator done
Event: 9.208 Loading class java/text/StringCharacterIterator done
Event: 9.235 Loading class java/util/concurrent/ConcurrentHashMap$KeySpliterator
Event: 9.236 Loading class java/util/concurrent/ConcurrentHashMap$KeySpliterator done
Event: 9.318 Loading class java/util/Vector$Itr
Event: 9.318 Loading class java/util/Vector$Itr done
Event: 9.326 Loading class java/util/ComparableTimSort
Event: 9.327 Loading class java/util/ComparableTimSort done
Event: 9.484 Loading class java/text/DigitList$1
Event: 9.485 Loading class java/text/DigitList$1 done
Event: 9.496 Loading class sun/nio/fs/WindowsChannelFactory$2
Event: 9.496 Loading class sun/nio/fs/WindowsChannelFactory$2 done
Event: 9.497 Loading class sun/nio/ch/ChannelOutputStream
Event: 9.498 Loading class sun/nio/ch/ChannelOutputStream done

Classes unloaded (0 events):
No events

Classes redefined (0 events):
No events

Internal exceptions (20 events):
Event: 4.035 Thread 0x0000022ca83423c0 Exception <a 'java/net/SocketException'{0x00000000cd51e2e8}: Socket is not connected: shutdown> (0x00000000cd51e2e8) 
thrown [t:\workspace\open\src\hotspot\share\prims\jni.cpp, line 535]
Event: 4.083 Thread 0x0000022ca83423c0 Exception <a 'java/net/ConnectException'{0x00000000cd51f280}: Connection refused: no further information> (0x00000000cd51f280) 
thrown [t:\workspace\open\src\hotspot\share\prims\jni.cpp, line 535]
Event: 4.083 Thread 0x0000022ca83423c0 Exception <a 'java/net/SocketException'{0x00000000cd51f5b8}: Socket is not connected: shutdown> (0x00000000cd51f5b8) 
thrown [t:\workspace\open\src\hotspot\share\prims\jni.cpp, line 535]
Event: 4.176 Thread 0x0000022ca83423c0 Exception <a 'java/net/ConnectException'{0x00000000cd520550}: Connection refused: no further information> (0x00000000cd520550) 
thrown [t:\workspace\open\src\hotspot\share\prims\jni.cpp, line 535]
Event: 4.176 Thread 0x0000022ca83423c0 Exception <a 'java/net/SocketException'{0x00000000cd520888}: Socket is not connected: shutdown> (0x00000000cd520888) 
thrown [t:\workspace\open\src\hotspot\share\prims\jni.cpp, line 535]
Event: 4.395 Thread 0x0000022c867d1fe0 Exception <a 'java/lang/NoSuchMethodError'{0x00000000cd416b38}: 'double java.lang.invoke.DirectMethodHandle$Holder.invokeVirtual(java.lang.Object, java.lang.Object)'> (0x00000000cd416b38) 
thrown [t:\workspace\open\src\hotspot\share\interpreter\linkResolver.cpp, line 766]
Event: 4.396 Thread 0x0000022c867d1fe0 Exception <a 'java/lang/NoSuchMethodError'{0x00000000cd41d430}: 'float java.lang.invoke.DirectMethodHandle$Holder.invokeVirtual(java.lang.Object, java.lang.Object)'> (0x00000000cd41d430) 
thrown [t:\workspace\open\src\hotspot\share\interpreter\linkResolver.cpp, line 766]
Event: 4.399 Thread 0x0000022c867d1fe0 Exception <a 'java/lang/NoSuchMethodError'{0x00000000cd4266b0}: 'long java.lang.invoke.DirectMethodHandle$Holder.invokeVirtual(java.lang.Object, java.lang.Object)'> (0x00000000cd4266b0) 
thrown [t:\workspace\open\src\hotspot\share\interpreter\linkResolver.cpp, line 766]
Event: 4.461 Thread 0x0000022c867d1fe0 Exception <a 'java/lang/NoSuchMethodError'{0x00000000cd35ddf8}: 'void java.lang.invoke.DirectMethodHandle$Holder.invokeSpecial(java.lang.Object, java.lang.Object, java.lang.Object, java.lang.Object, java.lang.Object)'> (0x00000000cd35ddf8) 
thrown [t:\workspace\open\src\hotspot\share\interpreter\linkResolver.cpp, line 766]
Event: 4.463 Thread 0x0000022c867d1fe0 Exception <a 'java/lang/NoSuchMethodError'{0x00000000cd364c10}: 'void java.lang.invoke.DirectMethodHandle$Holder.invokeStatic(java.lang.Object, java.lang.Object, int)'> (0x00000000cd364c10) 
thrown [t:\workspace\open\src\hotspot\share\interpreter\linkResolver.cpp, line 766]
Event: 4.496 Thread 0x0000022c867d1fe0 Exception <a 'java/lang/NoSuchMethodError'{0x00000000cd20f328}: 'java.lang.Object java.lang.invoke.DirectMethodHandle$Holder.newInvokeSpecial(java.lang.Object, java.lang.Object, java.lang.Object, java.lang.Object, java.lang.Object)'> (0x00000000cd20f328) 
thrown [t:\workspace\open\src\hotspot\share\interpreter\linkResolver.cpp, line 766]
Event: 4.535 Thread 0x0000022c867d1fe0 Exception <a 'java/lang/NoSuchMethodError'{0x00000000cd2e60e8}: 'int java.lang.invoke.DirectMethodHandle$Holder.invokeSpecialIFC(java.lang.Object, java.lang.Object, java.lang.Object)'> (0x00000000cd2e60e8) 
thrown [t:\workspace\open\src\hotspot\share\interpreter\linkResolver.cpp, line 766]
Event: 4.727 Thread 0x0000022c867d1fe0 Exception <a 'java/lang/NoSuchMethodError'{0x00000000ccfe7148}: 'void java.lang.invoke.DirectMethodHandle$Holder.invokeSpecial(java.lang.Object, java.lang.Object, java.lang.Object, java.lang.Object, java.lang.Object, java.lang.Object)'> (0x00000000ccfe7148) 
thrown [t:\workspace\open\src\hotspot\share\interpreter\linkResolver.cpp, line 766]
Event: 8.700 Thread 0x0000022c867d1fe0 Exception <a 'java/lang/NoSuchMethodError'{0x00000000cc865b60}: 'java.lang.Object java.lang.invoke.DirectMethodHandle$Holder.invokeSpecialIFC(java.lang.Object, java.lang.Object, java.lang.Object)'> (0x00000000cc865b60) 
thrown [t:\workspace\open\src\hotspot\share\interpreter\linkResolver.cpp, line 766]
Event: 8.772 Thread 0x0000022c867d1fe0 Exception <a 'java/lang/ClassNotFoundException'{0x00000000cc726438}: sun/util/logging/resources/spi/loggingProvider> (0x00000000cc726438) 
thrown [t:\workspace\open\src\hotspot\share\classfile\systemDictionary.cpp, line 255]
Event: 9.006 Thread 0x0000022c867d1fe0 Exception <a 'java/lang/NoSuchMethodError'{0x00000000cc5d6228}: 'long java.lang.invoke.DelegatingMethodHandle$Holder.reinvoke_L(java.lang.Object, java.lang.Object)'> (0x00000000cc5d6228) 
thrown [t:\workspace\open\src\hotspot\share\interpreter\linkResolver.cpp, line 766]
Event: 9.007 Thread 0x0000022c867d1fe0 Exception <a 'java/lang/NoSuchMethodError'{0x00000000cc5e0500}: 'void java.lang.invoke.DelegatingMethodHandle$Holder.reinvoke_L(java.lang.Object, java.lang.Object, long)'> (0x00000000cc5e0500) 
thrown [t:\workspace\open\src\hotspot\share\interpreter\linkResolver.cpp, line 766]
Event: 9.008 Thread 0x0000022c867d1fe0 Exception <a 'java/lang/NoSuchMethodError'{0x00000000cc5e7358}: 'long java.lang.invoke.Invokers$Holder.invokeExact_MT(java.lang.Object, java.lang.Object, java.lang.Object)'> (0x00000000cc5e7358) 
thrown [t:\workspace\open\src\hotspot\share\interpreter\linkResolver.cpp, line 766]
Event: 9.057 Thread 0x0000022c867d1fe0 Exception <a 'java/lang/NoSuchMethodError'{0x00000000cc478220}: 'void java.lang.invoke.DirectMethodHandle$Holder.invokeInterface(java.lang.Object, java.lang.Object)'> (0x00000000cc478220) 
thrown [t:\workspace\open\src\hotspot\share\interpreter\linkResolver.cpp, line 766]
Event: 9.505 Thread 0x0000022c867d1fe0 Exception <a 'java/lang/NoSuchMethodError'{0x00000000cd2280d0}: 'int java.lang.invoke.DirectMethodHandle$Holder.invokeInterface(java.lang.Object, java.lang.Object)'> (0x00000000cd2280d0) 
thrown [t:\workspace\open\src\hotspot\share\interpreter\linkResolver.cpp, line 766]

VM Operations (20 events):
Event: 3.951 Executing VM operation: G1CollectForAllocation
Event: 3.961 Executing VM operation: G1CollectForAllocation done
Event: 4.357 Executing VM operation: HandshakeAllThreads
Event: 4.357 Executing VM operation: HandshakeAllThreads done
Event: 4.361 Executing VM operation: HandshakeAllThreads
Event: 4.361 Executing VM operation: HandshakeAllThreads done
Event: 4.599 Executing VM operation: HandshakeAllThreads
Event: 4.599 Executing VM operation: HandshakeAllThreads done
Event: 5.609 Executing VM operation: Cleanup
Event: 5.609 Executing VM operation: Cleanup done
Event: 8.631 Executing VM operation: Cleanup
Event: 8.631 Executing VM operation: Cleanup done
Event: 8.738 Executing VM operation: HandshakeAllThreads
Event: 8.738 Executing VM operation: HandshakeAllThreads done
Event: 9.083 Executing VM operation: CollectForMetadataAllocation
Event: 9.096 Executing VM operation: CollectForMetadataAllocation done
Event: 9.117 Executing VM operation: G1Concurrent
Event: 9.121 Executing VM operation: G1Concurrent done
Event: 9.129 Executing VM operation: G1Concurrent
Event: 9.129 Executing VM operation: G1Concurrent done

Events (20 events):
Event: 0.888 Loaded shared library C:\Program Files\Java\jdk-18\bin\jimage.dll
Event: 1.365 Thread 0x0000022ca7da3c90 Thread added: 0x0000022ca7da3c90
Event: 2.123 Loaded shared library C:\Program Files\Java\jdk-18\bin\verify.dll
Event: 2.714 Thread 0x0000022ca8344a40 Thread added: 0x0000022ca8344a40
Event: 2.945 Loaded shared library C:\Program Files\Java\jdk-18\bin\management.dll
Event: 2.958 Loaded shared library C:\Program Files\Java\jdk-18\bin\management_ext.dll
Event: 3.010 Thread 0x0000022ca8343230 Thread added: 0x0000022ca8343230
Event: 3.101 Loaded shared library C:\Program Files\Java\jdk-18\bin\sunmscapi.dll
Event: 3.928 Thread 0x0000022ca83458b0 Thread added: 0x0000022ca83458b0
Event: 3.936 Thread 0x0000022ca8341ef0 Thread added: 0x0000022ca8341ef0
Event: 3.938 Thread 0x0000022ca8343700 Thread added: 0x0000022ca8343700
Event: 3.949 Thread 0x0000022ca83423c0 Thread added: 0x0000022ca83423c0
Event: 4.005 Thread 0x0000022ca8342890 Thread added: 0x0000022ca8342890
Event: 4.006 Thread 0x0000022ca8343bd0 Thread added: 0x0000022ca8343bd0
Event: 4.360 Thread 0x0000022ca8344570 Thread added: 0x0000022ca8344570
Event: 4.929 Thread 0x0000022ca83440a0 Thread added: 0x0000022ca83440a0
Event: 8.892 Thread 0x0000022ca8344f10 Thread added: 0x0000022ca8344f10
Event: 8.953 Thread 0x0000022ca8285310 Thread added: 0x0000022ca8285310
Event: 9.256 Thread 0x0000022ca7da3c90 Thread exited: 0x0000022ca7da3c90
Event: 9.375 Thread 0x0000022ca8344570 Thread exited: 0x0000022ca8344570


Dynamic libraries:
0x00007ff7edba0000 - 0x00007ff7edbb0000 	C:\Program Files\Java\jdk-18\bin\javaw.exe
0x00007ffdfbe30000 - 0x00007ffdfc025000 	C:\windows\SYSTEM32\ntdll.dll
0x00007ffde1040000 - 0x00007ffde1056000 	C:\Program Files\Avast Software\Avast\aswhook.dll
0x00007ffdfb9f0000 - 0x00007ffdfbaae000 	C:\windows\System32\KERNEL32.DLL
0x00007ffdf97c0000 - 0x00007ffdf9a88000 	C:\windows\System32\KERNELBASE.dll
0x00007ffdf9d90000 - 0x00007ffdf9e90000 	C:\windows\System32\ucrtbase.dll
0x00007ffdd9880000 - 0x00007ffdd9898000 	C:\Program Files\Java\jdk-18\bin\jli.dll
0x00007ffde0fb0000 - 0x00007ffde0fca000 	C:\Program Files\Java\jdk-18\bin\VCRUNTIME140.dll
0x00007ffdf9e90000 - 0x00007ffdf9f3e000 	C:\windows\System32\ADVAPI32.dll
0x00007ffdfaa60000 - 0x00007ffdfaafe000 	C:\windows\System32\msvcrt.dll
0x00007ffdfa050000 - 0x00007ffdfa0ec000 	C:\windows\System32\sechost.dll
0x00007ffdfb8c0000 - 0x00007ffdfb9e5000 	C:\windows\System32\RPCRT4.dll
0x00007ffdfa0f0000 - 0x00007ffdfa290000 	C:\windows\System32\USER32.dll
0x00007ffdf9bf0000 - 0x00007ffdf9c12000 	C:\windows\System32\win32u.dll
0x00007ffdfbb60000 - 0x00007ffdfbb8b000 	C:\windows\System32\GDI32.dll
0x00007ffdf9550000 - 0x00007ffdf965b000 	C:\windows\System32\gdi32full.dll
0x00007ffdf9b00000 - 0x00007ffdf9b9d000 	C:\windows\System32\msvcp_win.dll
0x00007ffde1720000 - 0x00007ffde19ba000 	C:\windows\WinSxS\amd64_microsoft.windows.common-controls_6595b64144ccf1df_6.0.19041.1110_none_60b5254171f9507e\COMCTL32.dll
0x00007ffdf2e10000 - 0x00007ffdf2e1a000 	C:\windows\SYSTEM32\VERSION.dll
0x00007ffdf9fc0000 - 0x00007ffdf9ff0000 	C:\windows\System32\IMM32.DLL
0x00007ffdf3b10000 - 0x00007ffdf3b1c000 	C:\Program Files\Java\jdk-18\bin\vcruntime140_1.dll
0x00007ffdd1fa0000 - 0x00007ffdd202d000 	C:\Program Files\Java\jdk-18\bin\msvcp140.dll
0x00007ffdacee0000 - 0x00007ffdadaf1000 	C:\Program Files\Java\jdk-18\bin\server\jvm.dll
0x00007ffdfbb90000 - 0x00007ffdfbb98000 	C:\windows\System32\PSAPI.DLL
0x00007ffde0d40000 - 0x00007ffde0d49000 	C:\windows\SYSTEM32\WSOCK32.dll
0x00007ffdfaff0000 - 0x00007ffdfb05b000 	C:\windows\System32\WS2_32.dll
0x00007ffde65d0000 - 0x00007ffde65f7000 	C:\windows\SYSTEM32\WINMM.dll
0x00007ffdf7460000 - 0x00007ffdf7472000 	C:\windows\SYSTEM32\kernel.appcore.dll
0x00007ffded4d0000 - 0x00007ffded4da000 	C:\Program Files\Java\jdk-18\bin\jimage.dll
0x00007ffdeb310000 - 0x00007ffdeb4f4000 	C:\windows\SYSTEM32\DBGHELP.DLL
0x00007ffdeaab0000 - 0x00007ffdeaadc000 	C:\windows\SYSTEM32\dbgcore.DLL
0x00007ffdf9c20000 - 0x00007ffdf9ca2000 	C:\windows\System32\bcryptPrimitives.dll
0x00007ffdd4e50000 - 0x00007ffdd4e75000 	C:\Program Files\Java\jdk-18\bin\java.dll
0x00007ffdcb800000 - 0x00007ffdcb8d6000 	C:\Program Files\Java\jdk-18\bin\jsvml.dll
0x00007ffdfa310000 - 0x00007ffdfaa54000 	C:\windows\System32\SHELL32.dll
0x00007ffdf7660000 - 0x00007ffdf7df4000 	C:\windows\SYSTEM32\windows.storage.dll
0x00007ffdfac90000 - 0x00007ffdfafe4000 	C:\windows\System32\combase.dll
0x00007ffdf8ee0000 - 0x00007ffdf8f0c000 	C:\windows\SYSTEM32\Wldp.dll
0x00007ffdfab00000 - 0x00007ffdfabad000 	C:\windows\System32\SHCORE.dll
0x00007ffdf9ff0000 - 0x00007ffdfa045000 	C:\windows\System32\shlwapi.dll
0x00007ffdf9490000 - 0x00007ffdf94af000 	C:\windows\SYSTEM32\profapi.dll
0x00007ffdd7470000 - 0x00007ffdd7483000 	C:\Program Files\Java\jdk-18\bin\net.dll
0x00007ffde1c40000 - 0x00007ffde1d49000 	C:\windows\SYSTEM32\WINHTTP.dll
0x00007ffdf8c40000 - 0x00007ffdf8caa000 	C:\windows\system32\mswsock.dll
0x00007ffdd59c0000 - 0x00007ffdd59d6000 	C:\Program Files\Java\jdk-18\bin\nio.dll
0x00007ffdd5160000 - 0x00007ffdd5178000 	C:\Program Files\Java\jdk-18\bin\zip.dll
0x00007ffdf8970000 - 0x00007ffdf8a3a000 	C:\windows\SYSTEM32\DNSAPI.dll
0x00007ffdf8930000 - 0x00007ffdf896b000 	C:\windows\SYSTEM32\IPHLPAPI.DLL
0x00007ffdfb8b0000 - 0x00007ffdfb8b8000 	C:\windows\System32\NSI.dll
0x00007ffde19e0000 - 0x00007ffde19ea000 	C:\Windows\System32\rasadhlp.dll
0x00007ffde20b0000 - 0x00007ffde212f000 	C:\windows\System32\fwpuclnt.dll
0x00007ffdf9d60000 - 0x00007ffdf9d87000 	C:\windows\System32\bcrypt.dll
0x00007ffdf8e30000 - 0x00007ffdf8e48000 	C:\windows\SYSTEM32\CRYPTSP.dll
0x00007ffdf85c0000 - 0x00007ffdf85f4000 	C:\windows\system32\rsaenh.dll
0x00007ffdf9450000 - 0x00007ffdf947e000 	C:\windows\SYSTEM32\USERENV.dll
0x00007ffdf8e50000 - 0x00007ffdf8e5c000 	C:\windows\SYSTEM32\CRYPTBASE.dll
0x00007ffdf1d10000 - 0x00007ffdf1d27000 	C:\windows\SYSTEM32\dhcpcsvc6.DLL
0x00007ffdf2d60000 - 0x00007ffdf2d7d000 	C:\windows\SYSTEM32\dhcpcsvc.DLL
0x00007ffde8df0000 - 0x00007ffde8e00000 	C:\Program Files\Java\jdk-18\bin\verify.dll
0x00007ffde5e60000 - 0x00007ffde5e69000 	C:\Program Files\Java\jdk-18\bin\management.dll
0x00007ffde5b00000 - 0x00007ffde5b0b000 	C:\Program Files\Java\jdk-18\bin\management_ext.dll
0x00007ffde56b0000 - 0x00007ffde56be000 	C:\Program Files\Java\jdk-18\bin\sunmscapi.dll
0x00007ffdf9660000 - 0x00007ffdf97b6000 	C:\windows\System32\CRYPT32.dll
0x00007ffdf8f50000 - 0x00007ffdf8f77000 	C:\windows\SYSTEM32\ncrypt.dll
0x00007ffdf8f10000 - 0x00007ffdf8f4b000 	C:\windows\SYSTEM32\NTASN1.dll
0x00007ffdd6b30000 - 0x00007ffdd6b47000 	C:\windows\system32\napinsp.dll
0x00007ffdd6b10000 - 0x00007ffdd6b2b000 	C:\windows\system32\pnrpnsp.dll
0x00007ffdd6af0000 - 0x00007ffdd6b05000 	C:\windows\system32\wshbth.dll
0x00007ffdf4000000 - 0x00007ffdf401d000 	C:\windows\system32\NLAapi.dll
0x00007ffdd6ad0000 - 0x00007ffdd6ae2000 	C:\windows\System32\winrnr.dll

dbghelp: loaded successfully - version: 4.0.5 - missing functions: none
symbol engine: initialized successfully - sym options: 0x614 - pdb path: .;C:\Program Files\Java\jdk-18\bin;C:\windows\SYSTEM32;C:\Program Files\Avast Software\Avast;C:\windows\WinSxS\amd64_microsoft.windows.common-controls_6595b64144ccf1df_6.0.19041.1110_none_60b5254171f9507e;C:\Program Files\Java\jdk-18\bin\server

VM Arguments:
jvm_args: -ea -Dfile.encoding=UTF-8 -XX:+ShowCodeDetailsInExceptionMessages 
java_command: org.testng.remote.RemoteTestNG -serport 49551 -protocol json -d C:\Users\SHABNA\eclipse-workspace\7rmartSupermarket\test-output C:\Users\SHABNA\AppData\Local\Temp\testng-eclipse-462848592\testng-customsuite.xml
java_class_path (initial): C:\Users\SHABNA\eclipse\java-2021-123\eclipse\configuration\org.eclipse.osgi\430\0\.cp\lib\testng-remote.jar;C:\Users\SHABNA\eclipse-workspace\7rmartSupermarket\target\test-classes;C:\Users\SHABNA\eclipse-workspace\7rmartSupermarket\target\classes;C:\Users\SHABNA\.p2\pool\plugins\org.testng_7.4.0.r202105021533.jar;C:\Users\SHABNA\.p2\pool\plugins\com.beust.jcommander_1.78.0.jar;C:\Users\SHABNA\.p2\pool\plugins\org.apache-extras.beanshell.bsh_2.0.0.b6.jar;C:\Users\SHABNA\.p2\pool\plugins\org.yaml.snakeyaml_1.21.0.jar;C:\Users\SHABNA\.p2\pool\plugins\org.webjars.jquery_3.5.1.jar;C:\Users\SHABNA\.m2\repository\junit\junit\3.8.1\junit-3.8.1.jar;C:\Users\SHABNA\.m2\repository\org\seleniumhq\selenium\selenium-java\4.1.2\selenium-java-4.1.2.jar;C:\Users\SHABNA\.m2\repository\org\seleniumhq\selenium\selenium-api\4.1.2\selenium-api-4.1.2.jar;C:\Users\SHABNA\.m2\repository\org\seleniumhq\selenium\selenium-chrome-driver\4.1.2\selenium-chrome-driver-4.1.2.jar;C:\Users\SHABNA\.m2\repository\com\google\auto\service\auto-service-annotations\1.0.1\auto-service-annotations-1.0.1.jar;C:\Users\SHABNA\.m2\repository\com\google\auto\service\auto-service\1.0.1\auto-service-1.0.1.jar;C:\Users\SHABNA\.m2\repository\com\google\auto\auto-common\1.2\auto-common-1.2.jar;C:\Users\SHABNA\.m2\repository\com\google\guava\guava\31.0.1-jre\guava-31.0.1-jre.jar;C:\Users\SHABNA\.m2\repository\com\google\guava\failureaccess\1.0.1\failureaccess-1.0.1.jar;C:\Users\SHABNA\.m2\repository\com\google\guava\listenablefuture\9999.0-empty-to-avoid-conflict-with-guava\listenablefuture-9999.0-empty-to-avoid-conflict-with-guava.jar;C:\Users\SHABNA\.m2\repository\org\checkerframework\checker-qual\3.12.0\checker-qual-3.12.0.jar;C:\Users\SHABNA\.m2\repository\com\google\errorprone\error_prone_annotations\2.7.1\error_prone_annotations-2.7.1.jar;C:\Users\SHABNA\.m2\repository\com\google\j2objc\j2objc-annotations\1.3\j2objc-annotations-1.3.jar;C:\Users\SHABNA\.m2\repository\org\seleniumhq\selenium\selenium-chromium-driver\4.1.2\selenium-chromium-driver-4.1.2.jar;C:\Users\SHABNA\.m2\repository\org\seleniumhq\selenium\selenium-json\4.1.2\selenium-json-4.1.2.jar;C:\Users\SHABNA\.m2\repository\org\seleniumhq\selenium\selenium-devtools-v85\4.1.2\selenium-devtools-v85-4.1.2.jar;C:\Users\SHABNA\.m2\repository\org\seleniumhq\selenium\selenium-devtools-v95\4.1.2\selenium-devtools-v95-4.1.2.jar;C:\Users\SHABNA\.m2\repository\org\seleniumhq\selenium\selenium-devtools-v96\4.1.2\selenium-devtools-v96-4.1.2.jar;C:\Users\SHABNA\.m2\repository\org\seleniumhq\selenium\selenium-devtools-v97\4.1.2\selenium-devtools-v97-4.1.2.jar;C:\Users\SHABNA\.m2\repository\org\seleniumhq\selenium\selenium-edge-driver\4.1.2\selenium-edge-driver-4.1.2.jar;C:\Users\SHABNA\.m2\repository\org\seleniumhq\selenium\selenium-firefox-driver\4.1.2\selenium-firefox-driver-4.1.2.jar;C:\Users\SHABNA\.m2\repository\org\seleniumhq\selenium\selenium-firefox-xpi-driver\4.1.2\selenium-firefox-xpi-driver-4.1.2.jar;C:\Users\SHABNA\.m2\repository\org\seleniumhq\selenium\selenium-ie-driver\4.1.2\selenium-ie-driver-4.1.2.jar;C:\Users\SHABNA\.m2\repository\org\seleniumhq\selenium\selenium-opera-driver\4.1.2\selenium-opera-driver-4.1.2.jar;C:\Users\SHABNA\.m2\repository\org\seleniumhq\selenium\selenium-remote-driver\4.1.2\selenium-remote-driver-4.1.2.jar;C:\Users\SHABNA\.m2\repository\io\netty\netty-buffer\4.1.73.Final\netty-buffer-4.1.73.Final.jar;C:\Users\SHABNA\.m2\repository\io\netty\netty-codec-http\4.1.73.Final\netty-codec-http-4.1.73.Final.jar;C:\Users\SHABNA\.m2\repository\io\netty\netty-codec\4.1.73.Final\netty-codec-4.1.73.Final.jar;C:\Users\SHABNA\.m2\repository\io\netty\netty-handler\4.1.73.Final\netty-handler-4.1.73.Final.jar;C:\Users\SHABNA\.m2\repository\io\netty\netty-tcnative-classes\2.0.46.Final\netty-tcnative-classes-2.0.46.Final.jar;C:\Users\SHABNA\.m2\repository\io\netty\netty-common\4.1.73.Final\netty-common-4.1.73.Final.jar;C:\Users\SHABNA\.m2\repository\io\netty\netty-transport-classes-epoll\4.1.73.Final\netty-transport-classes-epoll-4.1.73.Final.jar;C:\Users\SHABNA\.m2\repository\io\netty\netty-transport-classes-kqueue\4.1.73.Final\netty-transport-classes-kqueue-4.1.73.Final.jar;C:\Users\SHABNA\.m2\repository\io\netty\netty-transport-native-epoll\4.1.73.Final\netty-transport-native-epoll-4.1.73.Final.jar;C:\Users\SHABNA\.m2\repository\io\netty\netty-transport-native-kqueue\4.1.73.Final\netty-transport-native-kqueue-4.1.73.Final.jar;C:\Users\SHABNA\.m2\repository\io\netty\netty-transport-native-unix-common\4.1.73.Final\netty-transport-native-unix-common-4.1.73.Final.jar;C:\Users\SHABNA\.m2\repository\io\netty\netty-transport\4.1.73.Final\netty-transport-4.1.73.Final.jar;C:\Users\SHABNA\.m2\repository\io\netty\netty-resolver\4.1.73.Final\netty-resolver-4.1.73.Final.jar;C:\Users\SHABNA\.m2\repository\io\opentelemetry\opentelemetry-api\1.10.1\opentelemetry-api-1.10.1.jar;C:\Users\SHABNA\.m2\repository\io\opentelemetry\opentelemetry-context\1.10.1\opentelemetry-context-1.10.1.jar;C:\Users\SHABNA\.m2\repository\io\opentelemetry\opentelemetry-exporter-logging\1.10.1\opentelemetry-exporter-logging-1.10.1.jar;C:\Users\SHABNA\.m2\repository\io\opentelemetry\opentelemetry-sdk-metrics\1.10.1-alpha\opentelemetry-sdk-metrics-1.10.1-alpha.jar;C:\Users\SHABNA\.m2\repository\io\opentelemetry\opentelemetry-sdk-logs\1.10.1-alpha\opentelemetry-sdk-logs-1.10.1-alpha.jar;C:\Users\SHABNA\.m2\repository\io\opentelemetry\opentelemetry-sdk-common\1.10.1\opentelemetry-sdk-common-1.10.1.jar;C:\Users\SHABNA\.m2\repository\io\opentelemetry\opentelemetry-sdk-extension-autoconfigure-spi\1.10.1\opentelemetry-sdk-extension-autoconfigure-spi-1.10.1.jar;C:\Users\SHABNA\.m2\repository\io\opentelemetry\opentelemetry-sdk-extension-autoconfigure\1.10.1-alpha\opentelemetry-sdk-extension-autoconfigure-1.10.1-alpha.jar;C:\Users\SHABNA\.m2\repository\io\opentelemetry\opentelemetry-sdk-trace\1.10.1\opentelemetry-sdk-trace-1.10.1.jar;C:\Users\SHABNA\.m2\repository\io\opentelemetry\opentelemetry-sdk\1.10.1\opentelemetry-sdk-1.10.1.jar;C:\Users\SHABNA\.m2\repository\io\opentelemetry\opentelemetry-semconv\1.10.1-alpha\opentelemetry-semconv-1.10.1-alpha.jar;C:\Users\SHABNA\.m2\repository\io\ous\jtoml\2.0.0\jtoml-2.0.0.jar;C:\Users\SHABNA\.m2\repository\net\bytebuddy\byte-buddy\1.12.7\byte-buddy-1.12.7.jar;C:\Users\SHABNA\.m2\repository\org\apache\commons\commons-exec\1.3\commons-exec-1.3.jar;C:\Users\SHABNA\.m2\repository\org\asynchttpclient\async-http-client\2.12.3\async-http-client-2.12.3.jar;C:\Users\SHABNA\.m2\repository\org\asynchttpclient\async-http-client-netty-utils\2.12.3\async-http-client-netty-utils-2.12.3.jar;C:\Users\SHABNA\.m2\repository\io\netty\netty-codec-socks\4.1.60.Final\netty-codec-socks-4.1.60.Final.jar;C:\Users\SHABNA\.m2\repository\io\netty\netty-handler-proxy\4.1.60.Final\netty-handler-proxy-4.1.60.Final.jar;C:\Users\SHABNA\.m2\repository\io\netty\netty-transport-native-epoll\4.1.60.Final\netty-transport-native-epoll-4.1.60.Final-linux-x86_64.jar;C:\Users\SHABNA\.m2\repository\io\netty\netty-transport-native-kqueue\4.1.60.Final\netty-transport-native-kqueue-4.1.60.Final-osx-x86_64.jar;C:\Users\SHABNA\.m2\repository\org\reactivestreams\reactive-streams\1.0.3\reactive-streams-1.0.3.jar;C:\Users\SHABNA\.m2\repository\com\typesafe\netty\netty-reactive-streams\2.0.4\netty-reactive-streams-2.0.4.jar;C:\Users\SHABNA\.m2\repository\com\sun\activation\jakarta.activation\1.2.2\jakarta.activation-1.2.2.jar;C:\Users\SHABNA\.m2\repository\org\seleniumhq\selenium\selenium-http\4.1.2\selenium-http-4.1.2.jar;C:\Users\SHABNA\.m2\repository\net\jodah\failsafe\2.4.4\failsafe-2.4.4.jar;C:\Users\SHABNA\.m2\repository\org\seleniumhq\selenium\selenium-safari-driver\4.1.2\selenium-safari-driver-4.1.2.jar;C:\Users\SHABNA\.m2\repository\org\seleniumhq\selenium\selenium-support\4.1.2\selenium-support-4.1.2.jar;C:\Users\SHABNA\.m2\repository\org\testng\testng\7.5\testng-7.5.jar;C:\Users\SHABNA\.m2\repository\com\google\code\findbugs\jsr305\3.0.1\jsr305-3.0.1.jar;C:\Users\SHABNA\.m2\repository\org\slf4j\slf4j-api\1.7.32\slf4j-api-1.7.32.jar;C:\Users\SHABNA\.m2\repository\com\beust\jcommander\1.78\jcommander-1.78.jar;C:\Users\SHABNA\.m2\repository\org\webjars\jquery\3.5.1\jquery-3.5.1.jar;C:\Users\SHABNA\.m2\repository\commons-io\commons-io\2.11.0\commons-io-2.11.0.jar
Launcher Type: SUN_STANDARD

[Global flags]
     intx CICompilerCount                          = 3                                         {product} {ergonomic}
     uint ConcGCThreads                            = 1                                         {product} {ergonomic}
     uint G1ConcRefinementThreads                  = 4                                         {product} {ergonomic}
   size_t G1HeapRegionSize                         = 1048576                                   {product} {ergonomic}
    uintx GCDrainStackTargetSize                   = 64                                        {product} {ergonomic}
   size_t InitialHeapSize                          = 58720256                                  {product} {ergonomic}
   size_t MarkStackSize                            = 4194304                                   {product} {ergonomic}
   size_t MaxHeapSize                              = 908066816                                 {product} {ergonomic}
   size_t MaxNewSize                               = 544210944                                 {product} {ergonomic}
   size_t MinHeapDeltaBytes                        = 1048576                                   {product} {ergonomic}
   size_t MinHeapSize                              = 8388608                                   {product} {ergonomic}
    uintx NonNMethodCodeHeapSize                   = 5832780                                {pd product} {ergonomic}
    uintx NonProfiledCodeHeapSize                  = 122912730                              {pd product} {ergonomic}
     bool PerfDisableSharedMem                     = true                                      {product} {ergonomic}
    uintx ProfiledCodeHeapSize                     = 122912730                              {pd product} {ergonomic}
    uintx ReservedCodeCacheSize                    = 251658240                              {pd product} {ergonomic}
     bool SegmentedCodeCache                       = true                                      {product} {ergonomic}
     bool ShowCodeDetailsInExceptionMessages       = true                                   {manageable} {command line}
   size_t SoftMaxHeapSize                          = 908066816                              {manageable} {ergonomic}
     bool UseCompressedClassPointers               = true                           {product lp64_product} {ergonomic}
     bool UseCompressedOops                        = true                           {product lp64_product} {ergonomic}
     bool UseG1GC                                  = true                                      {product} {ergonomic}
     bool UseLargePagesIndividualAllocation        = false                                  {pd product} {ergonomic}

Logging:
Log output configuration:
 #0: stdout all=warning uptime,level,tags foldmultilines=false
 #1: stderr all=off uptime,level,tags foldmultilines=false

Environment Variables:
JAVA_HOME=C:\Program Files\Java\jdk1.8.0_201
PATH=C:\Program Files\Common Files\Oracle\Java\javapath;C:\Program Files\Java\jdk1.8.0_162\bin;E:\apache-tomcat-8.5.50\bin;C:\apache-maven-3.6.3\bin;C:\ProgramData\chocolatey\bin;C:\Program Files\Git\cmd;"C:\Program Files\Java\jre1.8.0_321\bin;";
USERNAME=SHABNA
OS=Windows_NT
PROCESSOR_IDENTIFIER=AMD64 Family 23 Model 24 Stepping 1, AuthenticAMD



---------------  S Y S T E M  ---------------

OS:
 Windows 10 , 64 bit Build 19041 (10.0.19041.1566)
OS uptime: 25 days 11:36 hours

CPU: total 4 (initial active 4) (4 cores per cpu, 2 threads per core) family 23 model 24 stepping 1 microcode 0x0, cx8, cmov, fxsr, ht, mmx, 3dnowpref, sse, sse2, sse3, ssse3, sse4a, sse4.1, sse4.2, popcnt, lzcnt, tsc, tscinvbit, avx, avx2, aes, clmul, bmi1, bmi2, adx, sha, fma, vzeroupper, clflush, clflushopt

Memory: 4k page, system-wide physical 3463M (124M free)
TotalPageFile size 14215M (AvailPageFile size 6M)
current process WorkingSet (physical memory assigned to process): 156M, peak: 156M
current process commit charge ("private bytes"): 197M, peak: 210M

vm_info: Java HotSpot(TM) 64-Bit Server VM (18+36-2087) for windows-amd64 JRE (18+36-2087), built on Feb 15 2022 09:43:11 by "mach5one" with MS VC++ 16.8 / 16.9 (VS2019)

END.
